2025-06-02 12:53:33.376 [warning] /home/ubuntu/.ssh/config: ENOENT: no such file or directory, open '/home/ubuntu/.ssh/config'
2025-06-02 12:53:33.377 [info] [Activation] Extension version: 0.110.0
2025-06-02 12:53:33.598 [info] [Authentication] Creating hub for .com
2025-06-02 12:53:35.117 [info] [Activation] Looking for git repository
2025-06-02 12:53:35.117 [info] [Activation] Found 0 repositories during activation
2025-06-02 12:53:35.117 [info] [Activation] Git repository found, initializing review manager and pr tree view.
2025-06-02 12:53:35.122 [info] [GitAPI] Registering git provider
2025-06-02 12:53:35.122 [info] [Review+0] Validate state in progress
2025-06-02 12:53:35.123 [info] [Review+0] Validating state...
2025-06-02 12:53:35.352 [info] [FolderRepositoryManager+0] Found GitHub remote for folder /home/ubuntu
2025-06-02 12:53:35.748 [info] [FolderRepositoryManager+0] Trying to use globalState for assignableUsers.
2025-06-02 12:53:35.928 [info] [Review+0] No matching pull request metadata found locally for current branch main
2025-06-02 12:53:36.039 [info] [FolderRepositoryManager+0] Using globalState assignableUsers for 1.
2025-06-02 12:53:36.310 [info] [Review+0] No matching pull request metadata found on GitHub for current branch main
2025-06-02 12:53:41.454 [info] [Activation] Repo state for file:///home/ubuntu changed.
2025-06-02 12:53:41.454 [info] [Activation] Repo file:///home/ubuntu has already been setup.
2025-06-02 12:53:51.466 [info] [Review+0] Validate state in progress
2025-06-02 12:53:51.467 [info] [Review+0] Validating state...
2025-06-02 12:53:52.002 [info] [FolderRepositoryManager+0] Found GitHub remote for folder /home/ubuntu
2025-06-02 12:53:52.003 [info] [FolderRepositoryManager+0] Using in-memory cached assignable users.
2025-06-02 12:53:52.024 [info] [Review+0] No matching pull request metadata found locally for current branch main
2025-06-02 12:53:52.397 [info] [Review+0] No matching pull request metadata found on GitHub for current branch main
2025-06-02 13:03:33.144 [info] [Review+0] Validate state in progress
2025-06-02 13:03:33.144 [info] [Review+0] Validating state...
2025-06-02 13:03:33.681 [info] [FolderRepositoryManager+0] Found GitHub remote for folder /home/ubuntu
2025-06-02 13:03:33.682 [info] [FolderRepositoryManager+0] Using in-memory cached assignable users.
2025-06-02 13:03:33.710 [info] [Review+0] No matching pull request metadata found locally for current branch main
2025-06-02 13:03:34.299 [info] [Review+0] No matching pull request metadata found on GitHub for current branch main
2025-06-02 13:06:36.768 [info] [Review+0] Validate state in progress
2025-06-02 13:06:36.768 [info] [Review+0] Validating state...
2025-06-02 13:06:36.770 [warning] No remotes found. The following remotes are missing: origin, upstream
2025-06-02 13:06:36.770 [info] [FolderRepositoryManager+0] No GitHub remotes found for folder /home/ubuntu
2025-06-02 13:06:36.787 [info] [Review+0] No matching pull request metadata found locally for current branch main
2025-06-02 13:06:36.795 [info] [Review+0] No matching pull request metadata found on GitHub for current branch main
2025-06-02 13:07:09.397 [info] [Review+0] Validate state in progress
2025-06-02 13:07:09.397 [info] [Review+0] Validating state...
2025-06-02 13:07:09.465 [info] [FolderRepositoryManager+0] Found GitHub remote for folder /home/ubuntu
2025-06-02 13:07:09.466 [info] [FolderRepositoryManager+0] Using in-memory cached assignable users.
2025-06-02 13:07:09.875 [info] [Review+0] No matching pull request metadata found locally for current branch main
2025-06-02 13:07:09.889 [info] [Review+0] No matching pull request metadata found on GitHub for current branch main
