2025-05-26 06:01:32.697 [info] [main] Log level: Info
2025-05-26 06:01:32.697 [info] [main] Validating found git in: "git"
2025-05-26 06:01:32.697 [info] [main] Using git "2.43.0" from "git"
2025-05-26 06:01:32.697 [info] [Model][doInitialScan] Initial repository scan started
2025-05-26 06:01:32.697 [info] > git rev-parse --show-toplevel [1013ms]
2025-05-26 06:01:32.697 [info] fatal: not a git repository (or any of the parent directories): .git
2025-05-26 06:01:32.697 [info] > git rev-parse --show-toplevel [4ms]
2025-05-26 06:01:32.697 [info] fatal: not a git repository (or any of the parent directories): .git
2025-05-26 06:01:32.697 [info] > git rev-parse --show-toplevel [157ms]
2025-05-26 06:01:32.697 [info] fatal: not a git repository (or any of the parent directories): .git
2025-05-26 06:01:32.708 [info] > git rev-parse --show-toplevel [6ms]
2025-05-26 06:01:32.708 [info] fatal: not a git repository (or any of the parent directories): .git
2025-05-26 06:01:33.543 [info] > git rev-parse --show-toplevel [699ms]
2025-05-26 06:01:33.543 [info] fatal: not a git repository (or any of the parent directories): .git
2025-05-26 06:01:33.555 [info] > git rev-parse --show-toplevel [5ms]
2025-05-26 06:01:33.555 [info] fatal: not a git repository (or any of the parent directories): .git
2025-05-26 06:01:33.856 [info] > git rev-parse --show-toplevel [295ms]
2025-05-26 06:01:33.856 [info] fatal: not a git repository (or any of the parent directories): .git
2025-05-26 06:01:33.858 [info] [Model][doInitialScan] Initial repository scan completed - repositories (0), closed repositories (0), parent repositories (0), unsafe repositories (0)
2025-05-26 06:04:06.335 [info] > git rev-parse --show-toplevel [3ms]
2025-05-26 06:04:06.335 [info] fatal: not a git repository (or any of the parent directories): .git
2025-05-26 06:04:28.724 [info] > git rev-parse --show-toplevel [1ms]
2025-05-26 06:04:28.724 [info] fatal: not a git repository (or any of the parent directories): .git
2025-05-26 07:20:29.394 [info] > git rev-parse --show-toplevel [2ms]
2025-05-26 07:20:29.394 [info] fatal: not a git repository (or any of the parent directories): .git
2025-05-26 08:42:46.638 [info] > git rev-parse --show-toplevel [3ms]
2025-05-26 08:42:46.638 [info] fatal: not a git repository (or any of the parent directories): .git
2025-05-26 08:49:56.671 [info] > git rev-parse --show-toplevel [1ms]
2025-05-26 08:49:56.681 [info] > git rev-parse --git-dir --git-common-dir [1ms]
2025-05-26 08:49:56.717 [info] [Model][openRepository] Opened repository (path): /home/ubuntu
2025-05-26 08:49:56.717 [info] [Model][openRepository] Opened repository (real path): /home/ubuntu
2025-05-26 08:49:56.735 [info] [Git][getRemotes] No remotes found in the git config file
2025-05-26 08:49:56.736 [info] > git config --get commit.template [7ms]
2025-05-26 08:49:56.738 [info] > git for-each-ref --format=%(refname)%00%(upstream:short)%00%(objectname)%00%(upstream:track)%00%(upstream:remotename)%00%(upstream:remoteref) refs/heads/master refs/remotes/master [2ms]
2025-05-26 08:49:56.738 [warning] [Git][getBranch] No such branch: master
2025-05-26 08:49:56.754 [info] > git for-each-ref --sort -committerdate --format %(refname)%00%(objectname)%00%(*objectname) [3ms]
2025-05-26 08:49:56.762 [info] > git status -z -uall [18ms]
2025-05-26 08:49:57.132 [info] > git for-each-ref --format=%(refname)%00%(upstream:short)%00%(objectname)%00%(upstream:track)%00%(upstream:remotename)%00%(upstream:remoteref) refs/heads/master refs/remotes/master [313ms]
2025-05-26 08:49:57.133 [warning] [Git][getBranch] No such branch: master
2025-05-26 08:49:57.133 [error] [GitHistoryProvider][resolveHEADMergeBase] Failed to resolve merge base for master: Error: No such branch: master.
2025-05-26 08:49:57.136 [info] > git config --get commit.template [15ms]
2025-05-26 08:49:57.144 [info] [Git][getRemotes] No remotes found in the git config file
2025-05-26 08:49:57.146 [info] > git for-each-ref --format=%(refname)%00%(upstream:short)%00%(objectname)%00%(upstream:track)%00%(upstream:remotename)%00%(upstream:remoteref) refs/heads/master refs/remotes/master [2ms]
2025-05-26 08:49:57.146 [warning] [Git][getBranch] No such branch: master
2025-05-26 08:49:57.163 [info] > git for-each-ref --sort -committerdate --format %(refname)%00%(objectname)%00%(*objectname) [1ms]
2025-05-26 08:49:57.176 [info] > git status -z -uall [24ms]
2025-05-26 08:49:57.632 [info] > git check-ignore -v -z --stdin [2ms]
2025-05-26 08:49:57.797 [info] > git config --get --local branch.master.github-pr-owner-number [1ms]
2025-05-26 08:49:57.797 [warning] [Git][config] git config failed: Failed to execute git
2025-05-26 08:49:57.809 [info] > git config --get --local branch.master.remote [3ms]
2025-05-26 08:49:57.809 [warning] [Git][config] git config failed: Failed to execute git
2025-05-26 08:49:57.816 [info] > git config --get --local branch.master.merge [1ms]
2025-05-26 08:49:57.816 [warning] [Git][config] git config failed: Failed to execute git
2025-05-26 08:50:25.487 [info] [Git][getRemotes] No remotes found in the git config file
2025-05-26 08:50:25.487 [info] > git config --get commit.template [7ms]
2025-05-26 08:50:25.489 [info] > git for-each-ref --format=%(refname)%00%(upstream:short)%00%(objectname)%00%(upstream:track)%00%(upstream:remotename)%00%(upstream:remoteref) refs/heads/master refs/remotes/master [3ms]
2025-05-26 08:50:25.489 [warning] [Git][getBranch] No such branch: master
2025-05-26 08:50:25.503 [info] > git for-each-ref --sort -committerdate --format %(refname)%00%(objectname)%00%(*objectname) [1ms]
2025-05-26 08:50:25.509 [info] > git status -z -uall [15ms]
2025-05-26 08:50:27.876 [info] > git check-ignore -v -z --stdin [1ms]
2025-05-26 08:50:35.739 [info] [Git][getRemotes] No remotes found in the git config file
2025-05-26 08:50:35.739 [info] > git config --get commit.template [7ms]
2025-05-26 08:50:35.740 [info] > git for-each-ref --format=%(refname)%00%(upstream:short)%00%(objectname)%00%(upstream:track)%00%(upstream:remotename)%00%(upstream:remoteref) refs/heads/master refs/remotes/master [2ms]
2025-05-26 08:50:35.740 [warning] [Git][getBranch] No such branch: master
2025-05-26 08:50:35.755 [info] > git for-each-ref --sort -committerdate --format %(refname)%00%(objectname)%00%(*objectname) [2ms]
2025-05-26 08:50:35.763 [info] > git status -z -uall [17ms]
2025-05-26 08:50:36.664 [info] > git config --get commit.template [4ms]
2025-05-26 08:50:36.671 [info] [Git][getRemotes] No remotes found in the git config file
2025-05-26 08:50:36.673 [info] > git for-each-ref --format=%(refname)%00%(upstream:short)%00%(objectname)%00%(upstream:track)%00%(upstream:remotename)%00%(upstream:remoteref) refs/heads/master refs/remotes/master [2ms]
2025-05-26 08:50:36.730 [info] > git status -z -uall [35ms]
2025-05-26 08:50:36.730 [info] > git for-each-ref --sort -committerdate --format %(refname)%00%(objectname)%00%(*objectname) [15ms]
2025-05-26 08:50:36.831 [info] > git config --get --local branch.master.github-pr-owner-number [7ms]
2025-05-26 08:50:36.831 [warning] [Git][config] git config failed: Failed to execute git
2025-05-26 08:50:37.276 [info] > git config --get --local branch.master.remote [427ms]
2025-05-26 08:50:37.276 [warning] [Git][config] git config failed: Failed to execute git
2025-05-26 08:50:37.287 [info] > git config --get --local branch.master.merge [1ms]
2025-05-26 08:50:37.288 [warning] [Git][config] git config failed: Failed to execute git
2025-05-26 08:50:40.809 [info] > git config --get commit.template [1ms]
2025-05-26 08:50:40.817 [info] [Git][getRemotes] No remotes found in the git config file
2025-05-26 08:50:40.819 [info] > git for-each-ref --format=%(refname)%00%(upstream:short)%00%(objectname)%00%(upstream:track)%00%(upstream:remotename)%00%(upstream:remoteref) refs/heads/master refs/remotes/master [2ms]
2025-05-26 08:50:40.834 [info] > git for-each-ref --sort -committerdate --format %(refname)%00%(objectname)%00%(*objectname) [2ms]
2025-05-26 08:50:40.842 [info] > git status -z -uall [16ms]
2025-05-26 08:50:41.658 [info] > git config --get commit.template [1ms]
2025-05-26 08:50:41.666 [info] [Git][getRemotes] No remotes found in the git config file
2025-05-26 08:50:41.669 [info] > git for-each-ref --format=%(refname)%00%(upstream:short)%00%(objectname)%00%(upstream:track)%00%(upstream:remotename)%00%(upstream:remoteref) refs/heads/main refs/remotes/main [3ms]
2025-05-26 08:50:41.686 [info] > git for-each-ref --sort -committerdate --format %(refname)%00%(objectname)%00%(*objectname) [1ms]
2025-05-26 08:50:41.693 [info] > git status -z -uall [16ms]
2025-05-26 08:50:41.729 [info] > git for-each-ref --format=%(refname)%00%(upstream:short)%00%(objectname)%00%(upstream:track)%00%(upstream:remotename)%00%(upstream:remoteref) refs/heads/main refs/remotes/main [11ms]
2025-05-26 08:50:41.737 [info] > git config --get --local branch.main.github-pr-owner-number [12ms]
2025-05-26 08:50:41.738 [warning] [Git][config] git config failed: Failed to execute git
2025-05-26 08:50:41.749 [info] > git config --get --local branch.main.remote [1ms]
2025-05-26 08:50:41.749 [warning] [Git][config] git config failed: Failed to execute git
2025-05-26 08:50:41.757 [info] > git config --get --local branch.main.vscode-merge-base [20ms]
2025-05-26 08:50:41.757 [warning] [Git][config] git config failed: Failed to execute git
2025-05-26 08:50:41.765 [info] > git config --get --local branch.main.merge [8ms]
2025-05-26 08:50:41.765 [warning] [Git][config] git config failed: Failed to execute git
2025-05-26 08:50:41.767 [info] > git reflog main --grep-reflog=branch: Created from *. [3ms]
2025-05-26 08:50:46.204 [info] [Git][getRemotes] No remotes found in the git config file
2025-05-26 08:50:46.205 [info] > git config --get commit.template [6ms]
2025-05-26 08:50:46.205 [info] > git for-each-ref --format=%(refname)%00%(upstream:short)%00%(objectname)%00%(upstream:track)%00%(upstream:remotename)%00%(upstream:remoteref) refs/heads/main refs/remotes/main [1ms]
2025-05-26 08:50:46.221 [info] > git for-each-ref --sort -committerdate --format %(refname)%00%(objectname)%00%(*objectname) [0ms]
2025-05-26 08:50:46.226 [info] > git status -z -uall [13ms]
2025-05-26 08:50:55.262 [info] > git config --get commit.template [8ms]
2025-05-26 08:50:55.264 [info] > git for-each-ref --format=%(refname)%00%(upstream:short)%00%(objectname)%00%(upstream:track)%00%(upstream:remotename)%00%(upstream:remoteref) refs/heads/main refs/remotes/main [2ms]
2025-05-26 08:50:55.283 [info] > git for-each-ref --sort -committerdate --format %(refname)%00%(objectname)%00%(*objectname) [1ms]
2025-05-26 08:50:55.288 [info] > git status -z -uall [15ms]
2025-05-26 08:50:55.318 [info] > git merge-base refs/heads/main refs/remotes/origin/main [3ms]
2025-05-26 08:50:55.329 [info] > git diff --name-status -z --diff-filter=ADMR 1bc6a7b105046563fd78f3f7970e82462c5c53a9...refs/remotes/origin/main [4ms]
2025-05-26 08:50:56.722 [info] > git config --get --local branch.main.github-pr-owner-number [148ms]
2025-05-26 08:50:56.722 [warning] [Git][config] git config failed: Failed to execute git
2025-05-26 08:51:00.333 [info] > git config --get commit.template [7ms]
2025-05-26 08:51:00.334 [info] > git for-each-ref --format=%(refname)%00%(upstream:short)%00%(objectname)%00%(upstream:track)%00%(upstream:remotename)%00%(upstream:remoteref) refs/heads/main refs/remotes/main [1ms]
2025-05-26 08:51:00.350 [info] > git for-each-ref --sort -committerdate --format %(refname)%00%(objectname)%00%(*objectname) [3ms]
2025-05-26 08:51:00.361 [info] > git status -z -uall [20ms]
2025-05-26 08:51:05.396 [info] > git config --get commit.template [7ms]
2025-05-26 08:51:05.397 [info] > git for-each-ref --format=%(refname)%00%(upstream:short)%00%(objectname)%00%(upstream:track)%00%(upstream:remotename)%00%(upstream:remoteref) refs/heads/main refs/remotes/main [2ms]
2025-05-26 08:51:05.417 [info] > git for-each-ref --sort -committerdate --format %(refname)%00%(objectname)%00%(*objectname) [2ms]
2025-05-26 08:51:05.424 [info] > git status -z -uall [18ms]
2025-05-26 08:51:08.387 [info] > git config --get commit.template [1ms]
2025-05-26 08:51:08.397 [info] > git for-each-ref --format=%(refname)%00%(upstream:short)%00%(objectname)%00%(upstream:track)%00%(upstream:remotename)%00%(upstream:remoteref) refs/heads/main refs/remotes/main [2ms]
2025-05-26 08:51:08.413 [info] > git for-each-ref --sort -committerdate --format %(refname)%00%(objectname)%00%(*objectname) [1ms]
2025-05-26 08:51:08.419 [info] > git status -z -uall [15ms]
2025-05-26 08:51:10.873 [info] > git config --get commit.template [1ms]
2025-05-26 08:51:10.882 [info] > git for-each-ref --format=%(refname)%00%(upstream:short)%00%(objectname)%00%(upstream:track)%00%(upstream:remotename)%00%(upstream:remoteref) refs/heads/main refs/remotes/main [0ms]
2025-05-26 08:51:10.899 [info] > git for-each-ref --sort -committerdate --format %(refname)%00%(objectname)%00%(*objectname) [2ms]
2025-05-26 08:51:10.903 [info] > git status -z -uall [14ms]
2025-05-26 08:51:11.282 [info] > git config --get commit.template [7ms]
2025-05-26 08:51:11.283 [info] > git for-each-ref --format=%(refname)%00%(upstream:short)%00%(objectname)%00%(upstream:track)%00%(upstream:remotename)%00%(upstream:remoteref) refs/heads/main refs/remotes/main [2ms]
2025-05-26 08:51:11.302 [info] > git for-each-ref --sort -committerdate --format %(refname)%00%(objectname)%00%(*objectname) [1ms]
2025-05-26 08:51:11.309 [info] > git status -z -uall [19ms]
2025-05-26 08:51:16.881 [info] > git config --get commit.template [9ms]
2025-05-26 08:51:16.882 [info] > git for-each-ref --format=%(refname)%00%(upstream:short)%00%(objectname)%00%(upstream:track)%00%(upstream:remotename)%00%(upstream:remoteref) refs/heads/main refs/remotes/main [2ms]
2025-05-26 08:51:16.896 [info] > git for-each-ref --sort -committerdate --format %(refname)%00%(objectname)%00%(*objectname) [1ms]
2025-05-26 08:51:16.904 [info] > git status -z -uall [16ms]
2025-05-26 08:51:21.936 [info] > git config --get commit.template [8ms]
2025-05-26 08:51:21.937 [info] > git for-each-ref --format=%(refname)%00%(upstream:short)%00%(objectname)%00%(upstream:track)%00%(upstream:remotename)%00%(upstream:remoteref) refs/heads/main refs/remotes/main [1ms]
2025-05-26 08:51:21.952 [info] > git for-each-ref --sort -committerdate --format %(refname)%00%(objectname)%00%(*objectname) [1ms]
2025-05-26 08:51:21.958 [info] > git status -z -uall [14ms]
2025-05-26 08:51:24.336 [info] > git config --get commit.template [7ms]
2025-05-26 08:51:24.338 [info] > git for-each-ref --format=%(refname)%00%(upstream:short)%00%(objectname)%00%(upstream:track)%00%(upstream:remotename)%00%(upstream:remoteref) refs/heads/main refs/remotes/main [2ms]
2025-05-26 08:51:24.354 [info] > git for-each-ref --sort -committerdate --format %(refname)%00%(objectname)%00%(*objectname) [2ms]
2025-05-26 08:51:24.363 [info] > git status -z -uall [18ms]
2025-05-26 08:51:24.755 [info] > git merge-base refs/heads/main refs/remotes/origin/main [364ms]
2025-05-26 08:51:24.767 [info] > git config --get --local branch.main.github-pr-owner-number [13ms]
2025-05-26 08:51:24.767 [warning] [Git][config] git config failed: Failed to execute git
2025-05-26 08:51:24.814 [info] > git diff --name-status -z --diff-filter=ADMR 1bc6a7b105046563fd78f3f7970e82462c5c53a9...refs/remotes/origin/main [51ms]
2025-05-26 08:51:27.001 [info] > git config --get commit.template [9ms]
2025-05-26 08:51:27.002 [info] > git for-each-ref --format=%(refname)%00%(upstream:short)%00%(objectname)%00%(upstream:track)%00%(upstream:remotename)%00%(upstream:remoteref) refs/heads/main refs/remotes/main [1ms]
2025-05-26 08:51:27.022 [info] > git for-each-ref --sort -committerdate --format %(refname)%00%(objectname)%00%(*objectname) [1ms]
2025-05-26 08:51:27.026 [info] > git status -z -uall [14ms]
2025-05-26 08:51:28.019 [info] > git config --get commit.template [8ms]
2025-05-26 08:51:28.019 [info] > git for-each-ref --format=%(refname)%00%(upstream:short)%00%(objectname)%00%(upstream:track)%00%(upstream:remotename)%00%(upstream:remoteref) refs/heads/main refs/remotes/main [1ms]
2025-05-26 08:51:28.035 [info] > git for-each-ref --sort -committerdate --format %(refname)%00%(objectname)%00%(*objectname) [2ms]
2025-05-26 08:51:28.040 [info] > git status -z -uall [14ms]
2025-05-26 08:51:28.071 [info] > git merge-base refs/heads/main refs/remotes/origin/main [6ms]
2025-05-26 08:51:28.082 [info] > git diff --name-status -z --diff-filter=ADMR 0906a76bb719f5573b9ce839fb9405a1dea9ac09...refs/remotes/origin/main [1ms]
2025-05-26 08:51:28.130 [info] > git config --get --local branch.main.github-pr-owner-number [4ms]
2025-05-26 08:51:28.130 [warning] [Git][config] git config failed: Failed to execute git
2025-05-26 09:55:52.271 [info] > git config --get commit.template [9ms]
2025-05-26 09:55:52.271 [info] > git for-each-ref --format=%(refname)%00%(upstream:short)%00%(objectname)%00%(upstream:track)%00%(upstream:remotename)%00%(upstream:remoteref) refs/heads/main refs/remotes/main [1ms]
2025-05-26 09:55:52.289 [info] > git for-each-ref --sort -committerdate --format %(refname)%00%(objectname)%00%(*objectname) [4ms]
2025-05-26 09:55:52.296 [info] > git status -z -uall [18ms]
2025-05-26 09:55:57.094 [info] > git show --textconv :playbook.yaml [12ms]
2025-05-26 09:55:57.095 [info] > git ls-files --stage -- playbook.yaml [5ms]
2025-05-26 09:55:57.105 [info] > git cat-file -s 33686fa9d6b06616f1a2cc3f1509453d9b0f2446 [2ms]
2025-05-26 09:55:57.229 [info] > git blame --root --incremental 0906a76bb719f5573b9ce839fb9405a1dea9ac09 -- playbook.yaml [2ms]
2025-05-26 09:55:57.343 [info] > git config --get commit.template [9ms]
2025-05-26 09:55:57.344 [info] > git for-each-ref --format=%(refname)%00%(upstream:short)%00%(objectname)%00%(upstream:track)%00%(upstream:remotename)%00%(upstream:remoteref) refs/heads/main refs/remotes/main [1ms]
2025-05-26 09:55:57.365 [info] > git for-each-ref --sort -committerdate --format %(refname)%00%(objectname)%00%(*objectname) [1ms]
2025-05-26 09:55:57.368 [info] > git status -z -uall [14ms]
2025-05-26 09:57:15.567 [info] > git config --get commit.template [8ms]
2025-05-26 09:57:15.570 [info] > git for-each-ref --format=%(refname)%00%(upstream:short)%00%(objectname)%00%(upstream:track)%00%(upstream:remotename)%00%(upstream:remoteref) refs/heads/main refs/remotes/main [4ms]
2025-05-26 09:57:15.587 [info] > git for-each-ref --sort -committerdate --format %(refname)%00%(objectname)%00%(*objectname) [1ms]
2025-05-26 09:57:15.595 [info] > git status -z -uall [18ms]
2025-05-26 09:57:20.650 [info] > git config --get commit.template [8ms]
2025-05-26 09:57:20.650 [info] > git for-each-ref --format=%(refname)%00%(upstream:short)%00%(objectname)%00%(upstream:track)%00%(upstream:remotename)%00%(upstream:remoteref) refs/heads/main refs/remotes/main [1ms]
2025-05-26 09:57:20.666 [info] > git for-each-ref --sort -committerdate --format %(refname)%00%(objectname)%00%(*objectname) [1ms]
2025-05-26 09:57:20.673 [info] > git status -z -uall [16ms]
2025-05-26 09:57:25.714 [info] > git config --get commit.template [9ms]
2025-05-26 09:57:25.715 [info] > git for-each-ref --format=%(refname)%00%(upstream:short)%00%(objectname)%00%(upstream:track)%00%(upstream:remotename)%00%(upstream:remoteref) refs/heads/main refs/remotes/main [1ms]
2025-05-26 09:57:25.732 [info] > git for-each-ref --sort -committerdate --format %(refname)%00%(objectname)%00%(*objectname) [0ms]
2025-05-26 09:57:25.740 [info] > git status -z -uall [16ms]
2025-05-26 09:57:33.224 [info] > git config --get commit.template [7ms]
2025-05-26 09:57:33.224 [info] > git for-each-ref --format=%(refname)%00%(upstream:short)%00%(objectname)%00%(upstream:track)%00%(upstream:remotename)%00%(upstream:remoteref) refs/heads/main refs/remotes/main [1ms]
2025-05-26 09:57:33.242 [info] > git for-each-ref --sort -committerdate --format %(refname)%00%(objectname)%00%(*objectname) [2ms]
2025-05-26 09:57:33.246 [info] > git status -z -uall [13ms]
2025-05-26 09:57:38.287 [info] > git config --get commit.template [8ms]
2025-05-26 09:57:38.291 [info] > git for-each-ref --format=%(refname)%00%(upstream:short)%00%(objectname)%00%(upstream:track)%00%(upstream:remotename)%00%(upstream:remoteref) refs/heads/main refs/remotes/main [4ms]
2025-05-26 09:57:38.308 [info] > git for-each-ref --sort -committerdate --format %(refname)%00%(objectname)%00%(*objectname) [2ms]
2025-05-26 09:57:38.312 [info] > git status -z -uall [14ms]
2025-05-26 09:57:43.349 [info] > git for-each-ref --format=%(refname)%00%(upstream:short)%00%(objectname)%00%(upstream:track)%00%(upstream:remotename)%00%(upstream:remoteref) refs/heads/main refs/remotes/main [0ms]
2025-05-26 09:57:43.349 [info] > git config --get commit.template [9ms]
2025-05-26 09:57:43.371 [info] > git for-each-ref --sort -committerdate --format %(refname)%00%(objectname)%00%(*objectname) [3ms]
2025-05-26 09:57:43.374 [info] > git status -z -uall [14ms]
2025-05-26 09:57:48.403 [info] > git config --get commit.template [1ms]
2025-05-26 09:57:48.410 [info] > git for-each-ref --format=%(refname)%00%(upstream:short)%00%(objectname)%00%(upstream:track)%00%(upstream:remotename)%00%(upstream:remoteref) refs/heads/main refs/remotes/main [1ms]
2025-05-26 09:57:48.427 [info] > git for-each-ref --sort -committerdate --format %(refname)%00%(objectname)%00%(*objectname) [1ms]
2025-05-26 09:57:48.432 [info] > git status -z -uall [15ms]
2025-05-26 09:57:54.228 [info] > git config --get commit.template [6ms]
2025-05-26 09:57:54.239 [info] > git for-each-ref --format=%(refname)%00%(upstream:short)%00%(objectname)%00%(upstream:track)%00%(upstream:remotename)%00%(upstream:remoteref) refs/heads/main refs/remotes/main [3ms]
2025-05-26 09:57:54.256 [info] > git for-each-ref --sort -committerdate --format %(refname)%00%(objectname)%00%(*objectname) [3ms]
2025-05-26 09:57:54.260 [info] > git status -z -uall [13ms]
2025-05-26 09:57:59.291 [info] > git config --get commit.template [0ms]
2025-05-26 09:57:59.300 [info] > git for-each-ref --format=%(refname)%00%(upstream:short)%00%(objectname)%00%(upstream:track)%00%(upstream:remotename)%00%(upstream:remoteref) refs/heads/main refs/remotes/main [2ms]
2025-05-26 09:57:59.322 [info] > git for-each-ref --sort -committerdate --format %(refname)%00%(objectname)%00%(*objectname) [7ms]
2025-05-26 09:57:59.323 [info] > git status -z -uall [15ms]
2025-05-26 09:58:04.683 [info] > git config --get commit.template [1ms]
2025-05-26 09:58:04.692 [info] > git for-each-ref --format=%(refname)%00%(upstream:short)%00%(objectname)%00%(upstream:track)%00%(upstream:remotename)%00%(upstream:remoteref) refs/heads/main refs/remotes/main [2ms]
2025-05-26 09:58:04.710 [info] > git for-each-ref --sort -committerdate --format %(refname)%00%(objectname)%00%(*objectname) [1ms]
2025-05-26 09:58:04.715 [info] > git status -z -uall [14ms]
2025-05-26 09:58:09.749 [info] > git config --get commit.template [9ms]
2025-05-26 09:58:09.751 [info] > git for-each-ref --format=%(refname)%00%(upstream:short)%00%(objectname)%00%(upstream:track)%00%(upstream:remotename)%00%(upstream:remoteref) refs/heads/main refs/remotes/main [3ms]
2025-05-26 09:58:09.769 [info] > git for-each-ref --sort -committerdate --format %(refname)%00%(objectname)%00%(*objectname) [1ms]
2025-05-26 09:58:09.774 [info] > git status -z -uall [15ms]
2025-05-26 09:58:18.599 [info] > git config --get commit.template [8ms]
2025-05-26 09:58:18.599 [info] > git for-each-ref --format=%(refname)%00%(upstream:short)%00%(objectname)%00%(upstream:track)%00%(upstream:remotename)%00%(upstream:remoteref) refs/heads/main refs/remotes/main [1ms]
2025-05-26 09:58:18.617 [info] > git for-each-ref --sort -committerdate --format %(refname)%00%(objectname)%00%(*objectname) [2ms]
2025-05-26 09:58:18.622 [info] > git status -z -uall [16ms]
2025-05-26 09:58:28.257 [info] > git config --get commit.template [9ms]
2025-05-26 09:58:28.257 [info] > git for-each-ref --format=%(refname)%00%(upstream:short)%00%(objectname)%00%(upstream:track)%00%(upstream:remotename)%00%(upstream:remoteref) refs/heads/main refs/remotes/main [3ms]
2025-05-26 09:58:28.273 [info] > git for-each-ref --sort -committerdate --format %(refname)%00%(objectname)%00%(*objectname) [1ms]
2025-05-26 09:58:28.280 [info] > git status -z -uall [16ms]
2025-05-26 09:58:33.318 [info] > git config --get commit.template [10ms]
2025-05-26 09:58:33.318 [info] > git for-each-ref --format=%(refname)%00%(upstream:short)%00%(objectname)%00%(upstream:track)%00%(upstream:remotename)%00%(upstream:remoteref) refs/heads/main refs/remotes/main [1ms]
2025-05-26 09:58:33.337 [info] > git for-each-ref --sort -committerdate --format %(refname)%00%(objectname)%00%(*objectname) [2ms]
2025-05-26 09:58:33.345 [info] > git status -z -uall [19ms]
2025-05-26 09:58:38.430 [info] > git config --get commit.template [1ms]
2025-05-26 09:58:38.439 [info] > git for-each-ref --format=%(refname)%00%(upstream:short)%00%(objectname)%00%(upstream:track)%00%(upstream:remotename)%00%(upstream:remoteref) refs/heads/main refs/remotes/main [1ms]
2025-05-26 09:58:38.461 [info] > git for-each-ref --sort -committerdate --format %(refname)%00%(objectname)%00%(*objectname) [4ms]
2025-05-26 09:58:38.467 [info] > git status -z -uall [21ms]
2025-05-26 09:58:43.820 [info] > git config --get commit.template [2ms]
2025-05-26 09:58:43.829 [info] > git for-each-ref --format=%(refname)%00%(upstream:short)%00%(objectname)%00%(upstream:track)%00%(upstream:remotename)%00%(upstream:remoteref) refs/heads/main refs/remotes/main [1ms]
2025-05-26 09:58:43.848 [info] > git for-each-ref --sort -committerdate --format %(refname)%00%(objectname)%00%(*objectname) [2ms]
2025-05-26 09:58:43.852 [info] > git status -z -uall [14ms]
2025-05-26 09:58:48.878 [info] > git config --get commit.template [2ms]
2025-05-26 09:58:48.886 [info] > git for-each-ref --format=%(refname)%00%(upstream:short)%00%(objectname)%00%(upstream:track)%00%(upstream:remotename)%00%(upstream:remoteref) refs/heads/main refs/remotes/main [2ms]
2025-05-26 09:58:48.903 [info] > git for-each-ref --sort -committerdate --format %(refname)%00%(objectname)%00%(*objectname) [0ms]
2025-05-26 09:58:48.907 [info] > git status -z -uall [14ms]
2025-05-26 09:58:58.379 [info] > git config --get commit.template [14ms]
2025-05-26 09:58:58.380 [info] > git for-each-ref --format=%(refname)%00%(upstream:short)%00%(objectname)%00%(upstream:track)%00%(upstream:remotename)%00%(upstream:remoteref) refs/heads/main refs/remotes/main [4ms]
2025-05-26 09:58:58.399 [info] > git for-each-ref --sort -committerdate --format %(refname)%00%(objectname)%00%(*objectname) [2ms]
2025-05-26 09:58:58.402 [info] > git status -z -uall [13ms]
2025-05-26 09:59:03.454 [info] > git config --get commit.template [8ms]
2025-05-26 09:59:03.455 [info] > git for-each-ref --format=%(refname)%00%(upstream:short)%00%(objectname)%00%(upstream:track)%00%(upstream:remotename)%00%(upstream:remoteref) refs/heads/main refs/remotes/main [1ms]
2025-05-26 09:59:03.475 [info] > git for-each-ref --sort -committerdate --format %(refname)%00%(objectname)%00%(*objectname) [1ms]
2025-05-26 09:59:03.480 [info] > git status -z -uall [14ms]
2025-05-26 09:59:47.537 [info] > git config --get commit.template [8ms]
2025-05-26 09:59:47.538 [info] > git for-each-ref --format=%(refname)%00%(upstream:short)%00%(objectname)%00%(upstream:track)%00%(upstream:remotename)%00%(upstream:remoteref) refs/heads/main refs/remotes/main [2ms]
2025-05-26 09:59:47.553 [info] > git for-each-ref --sort -committerdate --format %(refname)%00%(objectname)%00%(*objectname) [0ms]
2025-05-26 09:59:47.559 [info] > git status -z -uall [15ms]
2025-05-26 10:00:03.961 [info] > git config --get commit.template [9ms]
2025-05-26 10:00:03.961 [info] > git for-each-ref --format=%(refname)%00%(upstream:short)%00%(objectname)%00%(upstream:track)%00%(upstream:remotename)%00%(upstream:remoteref) refs/heads/main refs/remotes/main [1ms]
2025-05-26 10:00:03.981 [info] > git for-each-ref --sort -committerdate --format %(refname)%00%(objectname)%00%(*objectname) [2ms]
2025-05-26 10:00:03.987 [info] > git status -z -uall [17ms]
2025-05-26 10:00:09.035 [info] > git config --get commit.template [10ms]
2025-05-26 10:00:09.036 [info] > git for-each-ref --format=%(refname)%00%(upstream:short)%00%(objectname)%00%(upstream:track)%00%(upstream:remotename)%00%(upstream:remoteref) refs/heads/main refs/remotes/main [1ms]
2025-05-26 10:00:09.055 [info] > git for-each-ref --sort -committerdate --format %(refname)%00%(objectname)%00%(*objectname) [1ms]
2025-05-26 10:00:09.063 [info] > git status -z -uall [18ms]
2025-05-26 10:00:14.100 [info] > git config --get commit.template [8ms]
2025-05-26 10:00:14.101 [info] > git for-each-ref --format=%(refname)%00%(upstream:short)%00%(objectname)%00%(upstream:track)%00%(upstream:remotename)%00%(upstream:remoteref) refs/heads/main refs/remotes/main [1ms]
2025-05-26 10:00:14.117 [info] > git for-each-ref --sort -committerdate --format %(refname)%00%(objectname)%00%(*objectname) [1ms]
2025-05-26 10:00:14.121 [info] > git status -z -uall [14ms]
2025-05-26 10:00:19.152 [info] > git config --get commit.template [2ms]
2025-05-26 10:00:19.159 [info] > git for-each-ref --format=%(refname)%00%(upstream:short)%00%(objectname)%00%(upstream:track)%00%(upstream:remotename)%00%(upstream:remoteref) refs/heads/main refs/remotes/main [1ms]
2025-05-26 10:00:19.188 [info] > git for-each-ref --sort -committerdate --format %(refname)%00%(objectname)%00%(*objectname) [5ms]
2025-05-26 10:00:19.193 [info] > git status -z -uall [25ms]
2025-05-26 10:00:42.683 [info] > git config --get commit.template [8ms]
2025-05-26 10:00:42.684 [info] > git for-each-ref --format=%(refname)%00%(upstream:short)%00%(objectname)%00%(upstream:track)%00%(upstream:remotename)%00%(upstream:remoteref) refs/heads/main refs/remotes/main [2ms]
2025-05-26 10:00:42.705 [info] > git for-each-ref --sort -committerdate --format %(refname)%00%(objectname)%00%(*objectname) [3ms]
2025-05-26 10:00:42.710 [info] > git status -z -uall [15ms]
2025-05-26 10:00:47.754 [info] > git config --get commit.template [9ms]
2025-05-26 10:00:47.755 [info] > git for-each-ref --format=%(refname)%00%(upstream:short)%00%(objectname)%00%(upstream:track)%00%(upstream:remotename)%00%(upstream:remoteref) refs/heads/main refs/remotes/main [1ms]
2025-05-26 10:00:47.772 [info] > git for-each-ref --sort -committerdate --format %(refname)%00%(objectname)%00%(*objectname) [2ms]
2025-05-26 10:00:47.778 [info] > git status -z -uall [15ms]
2025-05-26 10:00:59.677 [info] > git config --get commit.template [3ms]
2025-05-26 10:00:59.686 [info] > git for-each-ref --format=%(refname)%00%(upstream:short)%00%(objectname)%00%(upstream:track)%00%(upstream:remotename)%00%(upstream:remoteref) refs/heads/main refs/remotes/main [1ms]
2025-05-26 10:00:59.703 [info] > git for-each-ref --sort -committerdate --format %(refname)%00%(objectname)%00%(*objectname) [1ms]
2025-05-26 10:00:59.710 [info] > git status -z -uall [16ms]
2025-05-26 10:01:04.747 [info] > git config --get commit.template [2ms]
2025-05-26 10:01:04.758 [info] > git for-each-ref --format=%(refname)%00%(upstream:short)%00%(objectname)%00%(upstream:track)%00%(upstream:remotename)%00%(upstream:remoteref) refs/heads/main refs/remotes/main [1ms]
2025-05-26 10:01:04.778 [info] > git for-each-ref --sort -committerdate --format %(refname)%00%(objectname)%00%(*objectname) [2ms]
2025-05-26 10:01:04.781 [info] > git status -z -uall [16ms]
2025-05-26 10:01:12.908 [info] > git config --get commit.template [12ms]
2025-05-26 10:01:12.909 [info] > git for-each-ref --format=%(refname)%00%(upstream:short)%00%(objectname)%00%(upstream:track)%00%(upstream:remotename)%00%(upstream:remoteref) refs/heads/main refs/remotes/main [5ms]
2025-05-26 10:01:12.927 [info] > git for-each-ref --sort -committerdate --format %(refname)%00%(objectname)%00%(*objectname) [3ms]
2025-05-26 10:01:12.931 [info] > git status -z -uall [14ms]
2025-05-26 10:01:17.976 [info] > git config --get commit.template [10ms]
2025-05-26 10:01:17.977 [info] > git for-each-ref --format=%(refname)%00%(upstream:short)%00%(objectname)%00%(upstream:track)%00%(upstream:remotename)%00%(upstream:remoteref) refs/heads/main refs/remotes/main [2ms]
2025-05-26 10:01:17.997 [info] > git for-each-ref --sort -committerdate --format %(refname)%00%(objectname)%00%(*objectname) [2ms]
2025-05-26 10:01:18.000 [info] > git status -z -uall [14ms]
2025-05-26 10:01:41.304 [info] > git config --get commit.template [2ms]
2025-05-26 10:01:41.312 [info] > git for-each-ref --format=%(refname)%00%(upstream:short)%00%(objectname)%00%(upstream:track)%00%(upstream:remotename)%00%(upstream:remoteref) refs/heads/main refs/remotes/main [1ms]
2025-05-26 10:01:41.331 [info] > git for-each-ref --sort -committerdate --format %(refname)%00%(objectname)%00%(*objectname) [4ms]
2025-05-26 10:01:41.337 [info] > git status -z -uall [17ms]
2025-05-26 10:02:10.713 [info] > git config --get commit.template [9ms]
2025-05-26 10:02:10.713 [info] > git for-each-ref --format=%(refname)%00%(upstream:short)%00%(objectname)%00%(upstream:track)%00%(upstream:remotename)%00%(upstream:remoteref) refs/heads/main refs/remotes/main [1ms]
2025-05-26 10:02:10.732 [info] > git for-each-ref --sort -committerdate --format %(refname)%00%(objectname)%00%(*objectname) [3ms]
2025-05-26 10:02:10.736 [info] > git status -z -uall [15ms]
2025-05-26 10:02:27.171 [info] > git config --get commit.template [1ms]
2025-05-26 10:02:27.181 [info] > git for-each-ref --format=%(refname)%00%(upstream:short)%00%(objectname)%00%(upstream:track)%00%(upstream:remotename)%00%(upstream:remoteref) refs/heads/main refs/remotes/main [2ms]
2025-05-26 10:02:27.201 [info] > git for-each-ref --sort -committerdate --format %(refname)%00%(objectname)%00%(*objectname) [1ms]
2025-05-26 10:02:27.204 [info] > git status -z -uall [15ms]
2025-05-26 10:13:42.550 [info] > git config --get commit.template [9ms]
2025-05-26 10:13:42.551 [info] > git for-each-ref --format=%(refname)%00%(upstream:short)%00%(objectname)%00%(upstream:track)%00%(upstream:remotename)%00%(upstream:remoteref) refs/heads/main refs/remotes/main [1ms]
2025-05-26 10:13:42.577 [info] > git for-each-ref --sort -committerdate --format %(refname)%00%(objectname)%00%(*objectname) [3ms]
2025-05-26 10:13:42.580 [info] > git status -z -uall [20ms]
2025-05-26 10:13:47.641 [info] > git config --get commit.template [7ms]
2025-05-26 10:13:47.642 [info] > git for-each-ref --format=%(refname)%00%(upstream:short)%00%(objectname)%00%(upstream:track)%00%(upstream:remotename)%00%(upstream:remoteref) refs/heads/main refs/remotes/main [1ms]
2025-05-26 10:13:47.661 [info] > git for-each-ref --sort -committerdate --format %(refname)%00%(objectname)%00%(*objectname) [1ms]
2025-05-26 10:13:47.665 [info] > git status -z -uall [14ms]
2025-05-26 10:13:48.352 [info] > git config --get commit.template [8ms]
2025-05-26 10:13:48.352 [info] > git for-each-ref --format=%(refname)%00%(upstream:short)%00%(objectname)%00%(upstream:track)%00%(upstream:remotename)%00%(upstream:remoteref) refs/heads/main refs/remotes/main [1ms]
2025-05-26 10:13:48.370 [info] > git for-each-ref --sort -committerdate --format %(refname)%00%(objectname)%00%(*objectname) [1ms]
2025-05-26 10:13:48.375 [info] > git status -z -uall [15ms]
2025-05-26 10:13:48.730 [info] > git show --textconv HEAD:playbook.yaml [10ms]
2025-05-26 10:13:48.731 [info] > git ls-tree -l HEAD -- playbook.yaml [2ms]
2025-05-26 10:13:49.490 [info] > git ls-files --stage -- playbook.yaml [9ms]
2025-05-26 10:13:49.498 [info] > git ls-tree -l HEAD -- playbook.yaml [8ms]
2025-05-26 10:13:49.499 [info] > git cat-file -s 8a315560afac24d829de09513526c5e367f46b77 [2ms]
2025-05-26 10:13:49.588 [info] > git show --textconv HEAD:playbook.yaml [10ms]
2025-05-26 10:13:49.589 [info] > git show --textconv :playbook.yaml [1ms]
2025-05-26 10:13:52.706 [info] > git config --get commit.template [10ms]
2025-05-26 10:13:52.706 [info] > git for-each-ref --format=%(refname)%00%(upstream:short)%00%(objectname)%00%(upstream:track)%00%(upstream:remotename)%00%(upstream:remoteref) refs/heads/main refs/remotes/main [1ms]
2025-05-26 10:13:52.726 [info] > git for-each-ref --sort -committerdate --format %(refname)%00%(objectname)%00%(*objectname) [2ms]
2025-05-26 10:13:52.733 [info] > git status -z -uall [18ms]
2025-05-26 10:13:57.777 [info] > git config --get commit.template [10ms]
2025-05-26 10:13:57.778 [info] > git for-each-ref --format=%(refname)%00%(upstream:short)%00%(objectname)%00%(upstream:track)%00%(upstream:remotename)%00%(upstream:remoteref) refs/heads/main refs/remotes/main [2ms]
2025-05-26 10:13:57.796 [info] > git for-each-ref --sort -committerdate --format %(refname)%00%(objectname)%00%(*objectname) [1ms]
2025-05-26 10:13:57.799 [info] > git status -z -uall [13ms]
2025-05-26 10:14:02.835 [info] > git config --get commit.template [1ms]
2025-05-26 10:14:02.844 [info] > git for-each-ref --format=%(refname)%00%(upstream:short)%00%(objectname)%00%(upstream:track)%00%(upstream:remotename)%00%(upstream:remoteref) refs/heads/main refs/remotes/main [2ms]
2025-05-26 10:14:02.864 [info] > git for-each-ref --sort -committerdate --format %(refname)%00%(objectname)%00%(*objectname) [2ms]
2025-05-26 10:14:02.869 [info] > git status -z -uall [15ms]
2025-05-26 10:14:06.711 [info] > git config --get commit.template [2ms]
2025-05-26 10:14:06.721 [info] > git for-each-ref --format=%(refname)%00%(upstream:short)%00%(objectname)%00%(upstream:track)%00%(upstream:remotename)%00%(upstream:remoteref) refs/heads/main refs/remotes/main [1ms]
2025-05-26 10:14:06.747 [info] > git for-each-ref --sort -committerdate --format %(refname)%00%(objectname)%00%(*objectname) [5ms]
2025-05-26 10:14:06.754 [info] > git status -z -uall [24ms]
2025-05-26 10:14:07.174 [info] > git merge-base refs/heads/main refs/remotes/origin/main [377ms]
2025-05-26 10:14:07.183 [info] > git blame --root --incremental cbaae6f2b8837770e52114afd050b8dae6499a9e -- playbook.yaml [395ms]
2025-05-26 10:14:07.187 [info] > git diff --name-status -z --diff-filter=ADMR 0906a76bb719f5573b9ce839fb9405a1dea9ac09...refs/remotes/origin/main [4ms]
2025-05-26 10:14:07.187 [info] > git config --get --local branch.main.github-pr-owner-number [17ms]
2025-05-26 10:14:07.187 [warning] [Git][config] git config failed: Failed to execute git
2025-05-26 10:14:07.915 [info] > git ls-files --stage -- playbook.yaml [8ms]
2025-05-26 10:14:07.923 [info] > git config --get commit.template [24ms]
2025-05-26 10:14:07.930 [info] > git ls-tree -l HEAD -- playbook.yaml [16ms]
2025-05-26 10:14:07.931 [info] > git for-each-ref --format=%(refname)%00%(upstream:short)%00%(objectname)%00%(upstream:track)%00%(upstream:remotename)%00%(upstream:remoteref) refs/heads/main refs/remotes/main [2ms]
2025-05-26 10:14:07.931 [info] > git cat-file -s 8a315560afac24d829de09513526c5e367f46b77 [9ms]
2025-05-26 10:14:07.949 [info] > git for-each-ref --sort -committerdate --format %(refname)%00%(objectname)%00%(*objectname) [2ms]
2025-05-26 10:14:07.952 [info] > git status -z -uall [14ms]
2025-05-26 10:14:07.994 [info] > git show --textconv HEAD:playbook.yaml [8ms]
2025-05-26 10:14:07.995 [info] > git show --textconv :playbook.yaml [2ms]
2025-05-26 10:14:12.991 [info] > git config --get commit.template [8ms]
2025-05-26 10:14:12.992 [info] > git for-each-ref --format=%(refname)%00%(upstream:short)%00%(objectname)%00%(upstream:track)%00%(upstream:remotename)%00%(upstream:remoteref) refs/heads/main refs/remotes/main [1ms]
2025-05-26 10:14:13.009 [info] > git for-each-ref --sort -committerdate --format %(refname)%00%(objectname)%00%(*objectname) [1ms]
2025-05-26 10:14:13.016 [info] > git status -z -uall [17ms]
2025-05-26 10:14:15.967 [info] > git config --get commit.template [8ms]
2025-05-26 10:14:15.969 [info] > git for-each-ref --format=%(refname)%00%(upstream:short)%00%(objectname)%00%(upstream:track)%00%(upstream:remotename)%00%(upstream:remoteref) refs/heads/main refs/remotes/main [3ms]
2025-05-26 10:14:15.985 [info] > git for-each-ref --sort -committerdate --format %(refname)%00%(objectname)%00%(*objectname) [1ms]
2025-05-26 10:14:15.991 [info] > git status -z -uall [15ms]
2025-05-26 10:14:16.019 [info] > git merge-base refs/heads/main refs/remotes/origin/main [2ms]
2025-05-26 10:14:16.027 [info] > git diff --name-status -z --diff-filter=ADMR cbaae6f2b8837770e52114afd050b8dae6499a9e...refs/remotes/origin/main [2ms]
2025-05-26 10:14:16.075 [info] > git config --get --local branch.main.github-pr-owner-number [7ms]
2025-05-26 10:14:16.075 [warning] [Git][config] git config failed: Failed to execute git
2025-05-26 11:35:14.028 [info] > git config --get commit.template [7ms]
2025-05-26 11:35:14.029 [info] > git for-each-ref --format=%(refname)%00%(upstream:short)%00%(objectname)%00%(upstream:track)%00%(upstream:remotename)%00%(upstream:remoteref) refs/heads/main refs/remotes/main [1ms]
2025-05-26 11:35:14.045 [info] > git for-each-ref --sort -committerdate --format %(refname)%00%(objectname)%00%(*objectname) [1ms]
2025-05-26 11:35:14.063 [info] > git status -z -uall [27ms]
2025-05-26 11:35:14.094 [info] > git ls-files --stage -- playbook.yaml [31ms]
2025-05-26 11:35:14.103 [info] > git cat-file -s 8a315560afac24d829de09513526c5e367f46b77 [1ms]
2025-05-26 11:35:14.437 [info] > git show --textconv :playbook.yaml [2ms]
2025-05-26 11:35:19.113 [info] > git config --get commit.template [9ms]
2025-05-26 11:35:19.114 [info] > git for-each-ref --format=%(refname)%00%(upstream:short)%00%(objectname)%00%(upstream:track)%00%(upstream:remotename)%00%(upstream:remoteref) refs/heads/main refs/remotes/main [2ms]
2025-05-26 11:35:19.132 [info] > git for-each-ref --sort -committerdate --format %(refname)%00%(objectname)%00%(*objectname) [1ms]
2025-05-26 11:35:19.138 [info] > git status -z -uall [15ms]
2025-05-26 11:35:24.174 [info] > git config --get commit.template [8ms]
2025-05-26 11:35:24.174 [info] > git for-each-ref --format=%(refname)%00%(upstream:short)%00%(objectname)%00%(upstream:track)%00%(upstream:remotename)%00%(upstream:remoteref) refs/heads/main refs/remotes/main [1ms]
2025-05-26 11:35:24.190 [info] > git for-each-ref --sort -committerdate --format %(refname)%00%(objectname)%00%(*objectname) [1ms]
2025-05-26 11:35:24.194 [info] > git status -z -uall [12ms]
2025-05-26 11:35:31.799 [info] > git config --get commit.template [1ms]
2025-05-26 11:35:31.806 [info] > git for-each-ref --format=%(refname)%00%(upstream:short)%00%(objectname)%00%(upstream:track)%00%(upstream:remotename)%00%(upstream:remoteref) refs/heads/main refs/remotes/main [0ms]
2025-05-26 11:35:31.828 [info] > git for-each-ref --sort -committerdate --format %(refname)%00%(objectname)%00%(*objectname) [2ms]
2025-05-26 11:35:31.833 [info] > git status -z -uall [19ms]
2025-05-26 11:35:40.801 [info] > git config --get commit.template [1ms]
2025-05-26 11:35:40.809 [info] > git for-each-ref --format=%(refname)%00%(upstream:short)%00%(objectname)%00%(upstream:track)%00%(upstream:remotename)%00%(upstream:remoteref) refs/heads/main refs/remotes/main [1ms]
2025-05-26 11:35:40.826 [info] > git for-each-ref --sort -committerdate --format %(refname)%00%(objectname)%00%(*objectname) [3ms]
2025-05-26 11:35:40.829 [info] > git status -z -uall [12ms]
2025-05-26 11:35:46.801 [info] > git config --get commit.template [1ms]
2025-05-26 11:35:46.809 [info] > git for-each-ref --format=%(refname)%00%(upstream:short)%00%(objectname)%00%(upstream:track)%00%(upstream:remotename)%00%(upstream:remoteref) refs/heads/main refs/remotes/main [1ms]
2025-05-26 11:35:46.822 [info] > git for-each-ref --sort -committerdate --format %(refname)%00%(objectname)%00%(*objectname) [0ms]
2025-05-26 11:35:46.829 [info] > git status -z -uall [14ms]
2025-05-26 11:36:02.818 [info] > git config --get commit.template [9ms]
2025-05-26 11:36:02.818 [info] > git for-each-ref --format=%(refname)%00%(upstream:short)%00%(objectname)%00%(upstream:track)%00%(upstream:remotename)%00%(upstream:remoteref) refs/heads/main refs/remotes/main [1ms]
2025-05-26 11:36:02.834 [info] > git for-each-ref --sort -committerdate --format %(refname)%00%(objectname)%00%(*objectname) [1ms]
2025-05-26 11:36:02.838 [info] > git status -z -uall [12ms]
2025-05-26 11:36:09.812 [info] > git config --get commit.template [1ms]
2025-05-26 11:36:09.821 [info] > git for-each-ref --format=%(refname)%00%(upstream:short)%00%(objectname)%00%(upstream:track)%00%(upstream:remotename)%00%(upstream:remoteref) refs/heads/main refs/remotes/main [1ms]
2025-05-26 11:36:09.843 [info] > git status -z -uall [13ms]
2025-05-26 11:36:09.843 [info] > git for-each-ref --sort -committerdate --format %(refname)%00%(objectname)%00%(*objectname) [6ms]
2025-05-26 11:36:25.820 [info] > git config --get commit.template [1ms]
2025-05-26 11:36:25.830 [info] > git for-each-ref --format=%(refname)%00%(upstream:short)%00%(objectname)%00%(upstream:track)%00%(upstream:remotename)%00%(upstream:remoteref) refs/heads/main refs/remotes/main [2ms]
2025-05-26 11:36:25.848 [info] > git for-each-ref --sort -committerdate --format %(refname)%00%(objectname)%00%(*objectname) [2ms]
2025-05-26 11:36:25.852 [info] > git status -z -uall [13ms]
2025-05-26 11:36:38.833 [info] > git config --get commit.template [7ms]
2025-05-26 11:36:38.834 [info] > git for-each-ref --format=%(refname)%00%(upstream:short)%00%(objectname)%00%(upstream:track)%00%(upstream:remotename)%00%(upstream:remoteref) refs/heads/main refs/remotes/main [1ms]
2025-05-26 11:36:38.852 [info] > git for-each-ref --sort -committerdate --format %(refname)%00%(objectname)%00%(*objectname) [1ms]
2025-05-26 11:36:38.858 [info] > git status -z -uall [16ms]
2025-05-26 11:36:43.886 [info] > git config --get commit.template [0ms]
2025-05-26 11:36:43.896 [info] > git for-each-ref --format=%(refname)%00%(upstream:short)%00%(objectname)%00%(upstream:track)%00%(upstream:remotename)%00%(upstream:remoteref) refs/heads/main refs/remotes/main [1ms]
2025-05-26 11:36:43.916 [info] > git for-each-ref --sort -committerdate --format %(refname)%00%(objectname)%00%(*objectname) [2ms]
2025-05-26 11:36:43.921 [info] > git status -z -uall [15ms]
2025-05-26 11:36:48.958 [info] > git config --get commit.template [8ms]
2025-05-26 11:36:48.958 [info] > git for-each-ref --format=%(refname)%00%(upstream:short)%00%(objectname)%00%(upstream:track)%00%(upstream:remotename)%00%(upstream:remoteref) refs/heads/main refs/remotes/main [1ms]
2025-05-26 11:36:48.974 [info] > git for-each-ref --sort -committerdate --format %(refname)%00%(objectname)%00%(*objectname) [2ms]
2025-05-26 11:36:48.981 [info] > git status -z -uall [16ms]
2025-05-26 11:36:54.011 [info] > git config --get commit.template [1ms]
2025-05-26 11:36:54.020 [info] > git for-each-ref --format=%(refname)%00%(upstream:short)%00%(objectname)%00%(upstream:track)%00%(upstream:remotename)%00%(upstream:remoteref) refs/heads/main refs/remotes/main [1ms]
2025-05-26 11:36:54.037 [info] > git for-each-ref --sort -committerdate --format %(refname)%00%(objectname)%00%(*objectname) [2ms]
2025-05-26 11:36:54.041 [info] > git status -z -uall [13ms]
2025-05-26 11:36:59.084 [info] > git config --get commit.template [10ms]
2025-05-26 11:36:59.085 [info] > git for-each-ref --format=%(refname)%00%(upstream:short)%00%(objectname)%00%(upstream:track)%00%(upstream:remotename)%00%(upstream:remoteref) refs/heads/main refs/remotes/main [3ms]
2025-05-26 11:36:59.137 [info] > git status -z -uall [37ms]
2025-05-26 11:36:59.139 [info] > git for-each-ref --sort -committerdate --format %(refname)%00%(objectname)%00%(*objectname) [13ms]
2025-05-26 11:37:04.260 [info] > git config --get commit.template [8ms]
2025-05-26 11:37:04.260 [info] > git for-each-ref --format=%(refname)%00%(upstream:short)%00%(objectname)%00%(upstream:track)%00%(upstream:remotename)%00%(upstream:remoteref) refs/heads/main refs/remotes/main [1ms]
2025-05-26 11:37:04.277 [info] > git for-each-ref --sort -committerdate --format %(refname)%00%(objectname)%00%(*objectname) [2ms]
2025-05-26 11:37:04.283 [info] > git status -z -uall [15ms]
2025-05-26 11:37:09.322 [info] > git config --get commit.template [1ms]
2025-05-26 11:37:09.331 [info] > git for-each-ref --format=%(refname)%00%(upstream:short)%00%(objectname)%00%(upstream:track)%00%(upstream:remotename)%00%(upstream:remoteref) refs/heads/main refs/remotes/main [2ms]
2025-05-26 11:37:09.346 [info] > git for-each-ref --sort -committerdate --format %(refname)%00%(objectname)%00%(*objectname) [0ms]
2025-05-26 11:37:09.350 [info] > git status -z -uall [13ms]
2025-05-26 11:37:15.598 [info] > git config --get commit.template [9ms]
2025-05-26 11:37:15.598 [info] > git for-each-ref --format=%(refname)%00%(upstream:short)%00%(objectname)%00%(upstream:track)%00%(upstream:remotename)%00%(upstream:remoteref) refs/heads/main refs/remotes/main [1ms]
2025-05-26 11:37:15.615 [info] > git for-each-ref --sort -committerdate --format %(refname)%00%(objectname)%00%(*objectname) [1ms]
2025-05-26 11:37:15.620 [info] > git status -z -uall [14ms]
2025-05-26 11:37:30.984 [info] > git config --get commit.template [10ms]
2025-05-26 11:37:30.986 [info] > git for-each-ref --format=%(refname)%00%(upstream:short)%00%(objectname)%00%(upstream:track)%00%(upstream:remotename)%00%(upstream:remoteref) refs/heads/main refs/remotes/main [3ms]
2025-05-26 11:37:31.017 [info] > git for-each-ref --sort -committerdate --format %(refname)%00%(objectname)%00%(*objectname) [10ms]
2025-05-26 11:37:31.048 [info] > git status -z -uall [54ms]
2025-05-26 11:37:45.934 [info] > git config --get commit.template [7ms]
2025-05-26 11:37:45.934 [info] > git for-each-ref --format=%(refname)%00%(upstream:short)%00%(objectname)%00%(upstream:track)%00%(upstream:remotename)%00%(upstream:remoteref) refs/heads/main refs/remotes/main [1ms]
2025-05-26 11:37:45.954 [info] > git for-each-ref --sort -committerdate --format %(refname)%00%(objectname)%00%(*objectname) [5ms]
2025-05-26 11:37:45.955 [info] > git status -z -uall [13ms]
2025-05-26 11:38:06.428 [info] > git config --get commit.template [8ms]
2025-05-26 11:38:06.429 [info] > git for-each-ref --format=%(refname)%00%(upstream:short)%00%(objectname)%00%(upstream:track)%00%(upstream:remotename)%00%(upstream:remoteref) refs/heads/main refs/remotes/main [2ms]
2025-05-26 11:38:06.444 [info] > git for-each-ref --sort -committerdate --format %(refname)%00%(objectname)%00%(*objectname) [1ms]
2025-05-26 11:38:06.453 [info] > git status -z -uall [16ms]
2025-05-26 11:38:24.360 [info] > git config --get commit.template [7ms]
2025-05-26 11:38:24.361 [info] > git for-each-ref --format=%(refname)%00%(upstream:short)%00%(objectname)%00%(upstream:track)%00%(upstream:remotename)%00%(upstream:remoteref) refs/heads/main refs/remotes/main [2ms]
2025-05-26 11:38:24.377 [info] > git for-each-ref --sort -committerdate --format %(refname)%00%(objectname)%00%(*objectname) [2ms]
2025-05-26 11:38:24.382 [info] > git status -z -uall [15ms]
