2025-05-28 08:58:53.131 [info] [main] Log level: Info
2025-05-28 08:58:53.131 [info] [main] Validating found git in: "git"
2025-05-28 08:58:53.131 [info] [main] Using git "2.43.0" from "git"
2025-05-28 08:58:53.131 [info] [Model][doInitialScan] Initial repository scan started
2025-05-28 08:58:53.131 [info] > git rev-parse --show-toplevel [1042ms]
2025-05-28 08:58:53.131 [info] > git rev-parse --git-dir --git-common-dir [401ms]
2025-05-28 08:58:53.131 [info] [Model][openRepository] Opened repository (path): /home/ubuntu
2025-05-28 08:58:53.131 [info] [Model][openRepository] Opened repository (real path): /home/ubuntu
2025-05-28 08:58:53.131 [info] > git rev-parse --show-toplevel [2ms]
2025-05-28 08:58:53.131 [info] > git config --get commit.template [7ms]
2025-05-28 08:58:53.132 [info] > git rev-parse --show-toplevel [140ms]
2025-05-28 08:58:53.255 [info] > git for-each-ref --format=%(refname)%00%(upstream:short)%00%(objectname)%00%(upstream:track)%00%(upstream:remotename)%00%(upstream:remoteref) refs/heads/main refs/remotes/main [126ms]
2025-05-28 08:58:53.860 [info] > git rev-parse --show-toplevel [721ms]
2025-05-28 08:58:53.893 [info] > git check-ignore -v -z --stdin [26ms]
2025-05-28 08:58:53.895 [info] > git rev-parse --show-toplevel [23ms]
2025-05-28 08:58:53.926 [info] > git for-each-ref --sort -committerdate --format %(refname)%00%(objectname)%00%(*objectname) [18ms]
2025-05-28 08:58:54.220 [info] > git rev-parse --show-toplevel [303ms]
2025-05-28 08:58:54.245 [info] > git status -z -uall [343ms]
2025-05-28 08:58:54.390 [info] > git for-each-ref --format=%(refname)%00%(upstream:short)%00%(objectname)%00%(upstream:track)%00%(upstream:remotename)%00%(upstream:remoteref) refs/heads/main refs/remotes/main [54ms]
2025-05-28 08:58:54.397 [info] > git rev-parse --show-toplevel [152ms]
2025-05-28 08:58:54.400 [info] [Model][doInitialScan] Initial repository scan completed - repositories (1), closed repositories (0), parent repositories (0), unsafe repositories (0)
2025-05-28 08:58:54.950 [info] > git show --textconv :playbook.yaml [542ms]
2025-05-28 08:58:54.950 [info] > git ls-files --stage -- playbook.yaml [537ms]
2025-05-28 08:58:54.958 [info] > git config --get --local branch.main.vscode-merge-base [560ms]
2025-05-28 08:58:54.958 [warning] [Git][config] git config failed: Failed to execute git
2025-05-28 08:58:54.964 [info] > git config --get commit.template [619ms]
2025-05-28 08:58:54.994 [info] > git reflog main --grep-reflog=branch: Created from *. [31ms]
2025-05-28 08:58:55.002 [info] > git cat-file -s 2370e20c59098a44622d3ae514decd38a97246ba [46ms]
2025-05-28 08:58:55.023 [info] > git symbolic-ref --short refs/remotes/origin/HEAD [21ms]
2025-05-28 08:58:55.023 [info] fatal: ref refs/remotes/origin/HEAD is not a symbolic ref
2025-05-28 08:58:55.023 [warning] [Repository][getDefaultBranch] Failed to get default branch details: Failed to execute git.
2025-05-28 08:58:55.035 [info] > git merge-base refs/heads/main refs/remotes/origin/main [5ms]
2025-05-28 08:58:55.043 [info] > git for-each-ref --format=%(refname)%00%(upstream:short)%00%(objectname)%00%(upstream:track)%00%(upstream:remotename)%00%(upstream:remoteref) refs/heads/main refs/remotes/main [30ms]
2025-05-28 08:58:55.048 [info] > git diff --name-status -z --diff-filter=ADMR 5b93ad290b9f82f79b3705f5c7df1bdb54f301bb...refs/remotes/origin/main [5ms]
2025-05-28 08:58:55.064 [info] > git for-each-ref --sort -committerdate --format %(refname)%00%(objectname)%00%(*objectname) [3ms]
2025-05-28 08:58:55.078 [info] > git status -z -uall [23ms]
2025-05-28 08:58:55.120 [info] > git config --get commit.template [1ms]
2025-05-28 08:58:55.128 [info] > git for-each-ref --format=%(refname)%00%(upstream:short)%00%(objectname)%00%(upstream:track)%00%(upstream:remotename)%00%(upstream:remoteref) refs/heads/main refs/remotes/main [1ms]
2025-05-28 08:58:55.142 [info] > git for-each-ref --sort -committerdate --format %(refname)%00%(objectname)%00%(*objectname) [1ms]
2025-05-28 08:58:55.152 [info] > git status -z -uall [18ms]
2025-05-28 08:58:56.354 [info] > git blame --root --incremental 5b93ad290b9f82f79b3705f5c7df1bdb54f301bb -- playbook.yaml [2ms]
2025-05-28 08:58:57.046 [info] > git config --get --local branch.main.github-pr-owner-number [227ms]
2025-05-28 08:58:57.046 [warning] [Git][config] git config failed: Failed to execute git
2025-05-28 08:59:13.264 [info] > git config --get commit.template [8ms]
2025-05-28 08:59:13.264 [info] > git for-each-ref --format=%(refname)%00%(upstream:short)%00%(objectname)%00%(upstream:track)%00%(upstream:remotename)%00%(upstream:remoteref) refs/heads/main refs/remotes/main [1ms]
2025-05-28 08:59:13.284 [info] > git for-each-ref --sort -committerdate --format %(refname)%00%(objectname)%00%(*objectname) [1ms]
2025-05-28 08:59:13.292 [info] > git status -z -uall [18ms]
2025-05-28 08:59:22.426 [info] > git config --get commit.template [7ms]
2025-05-28 08:59:22.427 [info] > git for-each-ref --format=%(refname)%00%(upstream:short)%00%(objectname)%00%(upstream:track)%00%(upstream:remotename)%00%(upstream:remoteref) refs/heads/main refs/remotes/main [2ms]
2025-05-28 08:59:22.440 [info] > git for-each-ref --sort -committerdate --format %(refname)%00%(objectname)%00%(*objectname) [2ms]
2025-05-28 08:59:22.451 [info] > git status -z -uall [19ms]
2025-05-28 08:59:27.494 [info] > git config --get commit.template [2ms]
2025-05-28 08:59:27.501 [info] > git for-each-ref --format=%(refname)%00%(upstream:short)%00%(objectname)%00%(upstream:track)%00%(upstream:remotename)%00%(upstream:remoteref) refs/heads/main refs/remotes/main [1ms]
2025-05-28 08:59:27.518 [info] > git for-each-ref --sort -committerdate --format %(refname)%00%(objectname)%00%(*objectname) [0ms]
2025-05-28 08:59:27.528 [info] > git status -z -uall [20ms]
2025-05-28 08:59:32.574 [info] > git config --get commit.template [1ms]
2025-05-28 08:59:32.582 [info] > git for-each-ref --format=%(refname)%00%(upstream:short)%00%(objectname)%00%(upstream:track)%00%(upstream:remotename)%00%(upstream:remoteref) refs/heads/main refs/remotes/main [1ms]
2025-05-28 08:59:32.594 [info] > git for-each-ref --sort -committerdate --format %(refname)%00%(objectname)%00%(*objectname) [1ms]
2025-05-28 08:59:32.610 [info] > git status -z -uall [23ms]
2025-05-28 08:59:37.654 [info] > git config --get commit.template [8ms]
2025-05-28 08:59:37.654 [info] > git for-each-ref --format=%(refname)%00%(upstream:short)%00%(objectname)%00%(upstream:track)%00%(upstream:remotename)%00%(upstream:remoteref) refs/heads/main refs/remotes/main [1ms]
2025-05-28 08:59:37.666 [info] > git for-each-ref --sort -committerdate --format %(refname)%00%(objectname)%00%(*objectname) [0ms]
2025-05-28 08:59:37.680 [info] > git status -z -uall [21ms]
2025-05-28 08:59:38.709 [info] > git show --textconv :playbook.yaml [6ms]
2025-05-28 08:59:38.711 [info] > git ls-files --stage -- playbook.yaml [2ms]
2025-05-28 08:59:38.718 [info] > git cat-file -s 2370e20c59098a44622d3ae514decd38a97246ba [2ms]
2025-05-28 08:59:54.482 [info] > git config --get commit.template [6ms]
2025-05-28 08:59:54.482 [info] > git for-each-ref --format=%(refname)%00%(upstream:short)%00%(objectname)%00%(upstream:track)%00%(upstream:remotename)%00%(upstream:remoteref) refs/heads/main refs/remotes/main [1ms]
2025-05-28 08:59:54.496 [info] > git for-each-ref --sort -committerdate --format %(refname)%00%(objectname)%00%(*objectname) [1ms]
2025-05-28 08:59:54.514 [info] > git status -z -uall [25ms]
2025-05-28 08:59:59.574 [info] > git config --get commit.template [1ms]
2025-05-28 08:59:59.581 [info] > git for-each-ref --format=%(refname)%00%(upstream:short)%00%(objectname)%00%(upstream:track)%00%(upstream:remotename)%00%(upstream:remoteref) refs/heads/main refs/remotes/main [1ms]
2025-05-28 08:59:59.596 [info] > git for-each-ref --sort -committerdate --format %(refname)%00%(objectname)%00%(*objectname) [2ms]
2025-05-28 08:59:59.609 [info] > git status -z -uall [20ms]
2025-05-28 09:00:04.650 [info] > git config --get commit.template [1ms]
2025-05-28 09:00:04.659 [info] > git for-each-ref --format=%(refname)%00%(upstream:short)%00%(objectname)%00%(upstream:track)%00%(upstream:remotename)%00%(upstream:remoteref) refs/heads/main refs/remotes/main [2ms]
2025-05-28 09:00:04.672 [info] > git for-each-ref --sort -committerdate --format %(refname)%00%(objectname)%00%(*objectname) [0ms]
2025-05-28 09:00:04.689 [info] > git status -z -uall [24ms]
2025-05-28 09:00:09.733 [info] > git config --get commit.template [8ms]
2025-05-28 09:00:09.734 [info] > git for-each-ref --format=%(refname)%00%(upstream:short)%00%(objectname)%00%(upstream:track)%00%(upstream:remotename)%00%(upstream:remoteref) refs/heads/main refs/remotes/main [2ms]
2025-05-28 09:00:09.748 [info] > git for-each-ref --sort -committerdate --format %(refname)%00%(objectname)%00%(*objectname) [2ms]
2025-05-28 09:00:09.758 [info] > git status -z -uall [18ms]
2025-05-28 09:00:23.542 [info] > git config --get commit.template [6ms]
2025-05-28 09:00:23.544 [info] > git for-each-ref --format=%(refname)%00%(upstream:short)%00%(objectname)%00%(upstream:track)%00%(upstream:remotename)%00%(upstream:remoteref) refs/heads/main refs/remotes/main [1ms]
2025-05-28 09:00:23.557 [info] > git for-each-ref --sort -committerdate --format %(refname)%00%(objectname)%00%(*objectname) [2ms]
2025-05-28 09:00:23.567 [info] > git status -z -uall [18ms]
2025-05-28 09:00:42.009 [info] > git config --get commit.template [8ms]
2025-05-28 09:00:42.010 [info] > git for-each-ref --format=%(refname)%00%(upstream:short)%00%(objectname)%00%(upstream:track)%00%(upstream:remotename)%00%(upstream:remoteref) refs/heads/main refs/remotes/main [2ms]
2025-05-28 09:00:42.024 [info] > git for-each-ref --sort -committerdate --format %(refname)%00%(objectname)%00%(*objectname) [2ms]
2025-05-28 09:00:42.036 [info] > git status -z -uall [20ms]
2025-05-28 09:00:47.082 [info] > git config --get commit.template [6ms]
2025-05-28 09:00:47.083 [info] > git for-each-ref --format=%(refname)%00%(upstream:short)%00%(objectname)%00%(upstream:track)%00%(upstream:remotename)%00%(upstream:remoteref) refs/heads/main refs/remotes/main [2ms]
2025-05-28 09:00:47.097 [info] > git for-each-ref --sort -committerdate --format %(refname)%00%(objectname)%00%(*objectname) [1ms]
2025-05-28 09:00:47.107 [info] > git status -z -uall [18ms]
2025-05-28 09:00:48.472 [info] > git check-ignore -v -z --stdin [1ms]
2025-05-28 09:00:52.718 [info] > git config --get commit.template [2ms]
2025-05-28 09:00:52.725 [info] > git for-each-ref --format=%(refname)%00%(upstream:short)%00%(objectname)%00%(upstream:track)%00%(upstream:remotename)%00%(upstream:remoteref) refs/heads/main refs/remotes/main [1ms]
2025-05-28 09:00:52.738 [info] > git for-each-ref --sort -committerdate --format %(refname)%00%(objectname)%00%(*objectname) [0ms]
2025-05-28 09:00:52.750 [info] > git status -z -uall [19ms]
2025-05-28 09:00:57.790 [info] > git config --get commit.template [6ms]
2025-05-28 09:00:57.792 [info] > git for-each-ref --format=%(refname)%00%(upstream:short)%00%(objectname)%00%(upstream:track)%00%(upstream:remotename)%00%(upstream:remoteref) refs/heads/main refs/remotes/main [2ms]
2025-05-28 09:00:57.805 [info] > git for-each-ref --sort -committerdate --format %(refname)%00%(objectname)%00%(*objectname) [0ms]
2025-05-28 09:00:57.817 [info] > git status -z -uall [19ms]
2025-05-28 09:01:08.795 [info] > git config --get commit.template [6ms]
2025-05-28 09:01:08.796 [info] > git for-each-ref --format=%(refname)%00%(upstream:short)%00%(objectname)%00%(upstream:track)%00%(upstream:remotename)%00%(upstream:remoteref) refs/heads/main refs/remotes/main [2ms]
2025-05-28 09:01:08.810 [info] > git for-each-ref --sort -committerdate --format %(refname)%00%(objectname)%00%(*objectname) [1ms]
2025-05-28 09:01:08.821 [info] > git status -z -uall [19ms]
2025-05-28 09:01:13.863 [info] > git config --get commit.template [7ms]
2025-05-28 09:01:13.863 [info] > git for-each-ref --format=%(refname)%00%(upstream:short)%00%(objectname)%00%(upstream:track)%00%(upstream:remotename)%00%(upstream:remoteref) refs/heads/main refs/remotes/main [1ms]
2025-05-28 09:01:13.877 [info] > git for-each-ref --sort -committerdate --format %(refname)%00%(objectname)%00%(*objectname) [0ms]
2025-05-28 09:01:13.905 [info] > git status -z -uall [35ms]
2025-05-28 09:01:18.945 [info] > git config --get commit.template [2ms]
2025-05-28 09:01:18.952 [info] > git for-each-ref --format=%(refname)%00%(upstream:short)%00%(objectname)%00%(upstream:track)%00%(upstream:remotename)%00%(upstream:remoteref) refs/heads/main refs/remotes/main [1ms]
2025-05-28 09:01:18.972 [info] > git for-each-ref --sort -committerdate --format %(refname)%00%(objectname)%00%(*objectname) [1ms]
2025-05-28 09:01:18.980 [info] > git status -z -uall [17ms]
2025-05-28 09:01:24.027 [info] > git for-each-ref --format=%(refname)%00%(upstream:short)%00%(objectname)%00%(upstream:track)%00%(upstream:remotename)%00%(upstream:remoteref) refs/heads/main refs/remotes/main [0ms]
2025-05-28 09:01:24.028 [info] > git config --get commit.template [9ms]
2025-05-28 09:01:24.041 [info] > git for-each-ref --sort -committerdate --format %(refname)%00%(objectname)%00%(*objectname) [1ms]
2025-05-28 09:01:24.054 [info] > git status -z -uall [20ms]
2025-05-28 09:01:39.563 [info] > git config --get commit.template [7ms]
2025-05-28 09:01:39.563 [info] > git for-each-ref --format=%(refname)%00%(upstream:short)%00%(objectname)%00%(upstream:track)%00%(upstream:remotename)%00%(upstream:remoteref) refs/heads/main refs/remotes/main [1ms]
2025-05-28 09:01:39.581 [info] > git for-each-ref --sort -committerdate --format %(refname)%00%(objectname)%00%(*objectname) [0ms]
2025-05-28 09:01:39.593 [info] > git status -z -uall [22ms]
2025-05-28 09:01:44.637 [info] > git config --get commit.template [8ms]
2025-05-28 09:01:44.637 [info] > git for-each-ref --format=%(refname)%00%(upstream:short)%00%(objectname)%00%(upstream:track)%00%(upstream:remotename)%00%(upstream:remoteref) refs/heads/main refs/remotes/main [0ms]
2025-05-28 09:01:44.658 [info] > git for-each-ref --sort -committerdate --format %(refname)%00%(objectname)%00%(*objectname) [1ms]
2025-05-28 09:01:44.670 [info] > git status -z -uall [20ms]
2025-05-28 09:01:49.710 [info] > git config --get commit.template [5ms]
2025-05-28 09:01:49.717 [info] > git for-each-ref --format=%(refname)%00%(upstream:short)%00%(objectname)%00%(upstream:track)%00%(upstream:remotename)%00%(upstream:remoteref) refs/heads/main refs/remotes/main [2ms]
2025-05-28 09:01:49.734 [info] > git for-each-ref --sort -committerdate --format %(refname)%00%(objectname)%00%(*objectname) [0ms]
2025-05-28 09:01:49.747 [info] > git status -z -uall [22ms]
2025-05-28 09:02:47.743 [info] > git config --get commit.template [6ms]
2025-05-28 09:02:47.744 [info] > git for-each-ref --format=%(refname)%00%(upstream:short)%00%(objectname)%00%(upstream:track)%00%(upstream:remotename)%00%(upstream:remoteref) refs/heads/main refs/remotes/main [1ms]
2025-05-28 09:02:47.757 [info] > git for-each-ref --sort -committerdate --format %(refname)%00%(objectname)%00%(*objectname) [3ms]
2025-05-28 09:02:47.774 [info] > git status -z -uall [25ms]
2025-05-28 09:02:52.831 [info] > git config --get commit.template [6ms]
2025-05-28 09:02:52.832 [info] > git for-each-ref --format=%(refname)%00%(upstream:short)%00%(objectname)%00%(upstream:track)%00%(upstream:remotename)%00%(upstream:remoteref) refs/heads/main refs/remotes/main [2ms]
2025-05-28 09:02:52.844 [info] > git for-each-ref --sort -committerdate --format %(refname)%00%(objectname)%00%(*objectname) [0ms]
2025-05-28 09:02:52.857 [info] > git status -z -uall [20ms]
2025-05-28 09:02:54.750 [info] > git check-ignore -v -z --stdin [1ms]
2025-05-28 09:02:57.906 [info] > git config --get commit.template [6ms]
2025-05-28 09:02:57.907 [info] > git for-each-ref --format=%(refname)%00%(upstream:short)%00%(objectname)%00%(upstream:track)%00%(upstream:remotename)%00%(upstream:remoteref) refs/heads/main refs/remotes/main [2ms]
2025-05-28 09:02:57.920 [info] > git for-each-ref --sort -committerdate --format %(refname)%00%(objectname)%00%(*objectname) [2ms]
2025-05-28 09:02:57.933 [info] > git status -z -uall [20ms]
