2025-06-02 12:53:31.430 [info] [main] Log level: Info
2025-06-02 12:53:31.430 [info] [main] Validating found git in: "git"
2025-06-02 12:53:31.430 [info] [main] Using git "2.43.0" from "git"
2025-06-02 12:53:31.430 [info] [Model][doInitialScan] Initial repository scan started
2025-06-02 12:53:31.430 [info] > git rev-parse --show-toplevel [978ms]
2025-06-02 12:53:31.430 [info] > git rev-parse --git-dir --git-common-dir [4ms]
2025-06-02 12:53:31.430 [info] [Model][openRepository] Opened repository (path): /home/ubuntu
2025-06-02 12:53:31.430 [info] [Model][openRepository] Opened repository (real path): /home/ubuntu
2025-06-02 12:53:31.430 [info] > git rev-parse --show-toplevel [159ms]
2025-06-02 12:53:31.430 [info] > git config --get commit.template [165ms]
2025-06-02 12:53:31.570 [info] > git for-each-ref --format=%(refname)%00%(upstream:short)%00%(objectname)%00%(upstream:track)%00%(upstream:remotename)%00%(upstream:remoteref) refs/heads/main refs/remotes/main [140ms]
2025-06-02 12:53:31.745 [info] > git rev-parse --show-toplevel [308ms]
2025-06-02 12:53:32.328 [info] > git check-ignore -v -z --stdin [554ms]
2025-06-02 12:53:32.329 [info] > git rev-parse --show-toplevel [577ms]
2025-06-02 12:53:32.361 [info] > git rev-parse --show-toplevel [9ms]
2025-06-02 12:53:32.362 [info] > git for-each-ref --sort -committerdate --format %(refname)%00%(objectname)%00%(*objectname) [19ms]
2025-06-02 12:53:32.677 [info] > git status -z -uall [340ms]
2025-06-02 12:53:32.677 [info] > git rev-parse --show-toplevel [12ms]
2025-06-02 12:53:32.813 [info] > git for-each-ref --format=%(refname)%00%(upstream:short)%00%(objectname)%00%(upstream:track)%00%(upstream:remotename)%00%(upstream:remoteref) refs/heads/main refs/remotes/main [38ms]
2025-06-02 12:53:32.820 [info] > git rev-parse --show-toplevel [135ms]
2025-06-02 12:53:33.360 [info] > git config --get --local branch.main.vscode-merge-base [540ms]
2025-06-02 12:53:33.361 [warning] [Git][config] git config failed: Failed to execute git
2025-06-02 12:53:33.370 [info] > git config --get commit.template [586ms]
2025-06-02 12:53:33.382 [info] > git reflog main --grep-reflog=branch: Created from *. [12ms]
2025-06-02 12:53:33.393 [info] > git rev-parse --show-toplevel [107ms]
2025-06-02 12:53:33.403 [info] > git symbolic-ref --short refs/remotes/origin/HEAD [10ms]
2025-06-02 12:53:33.403 [info] fatal: ref refs/remotes/origin/HEAD is not a symbolic ref
2025-06-02 12:53:33.403 [warning] [Repository][getDefaultBranch] Failed to get default branch details: Failed to execute git.
2025-06-02 12:53:33.420 [info] > git for-each-ref --format=%(refname)%00%(upstream:short)%00%(objectname)%00%(upstream:track)%00%(upstream:remotename)%00%(upstream:remoteref) refs/heads/main refs/remotes/main [21ms]
2025-06-02 12:53:33.421 [info] > git rev-parse --show-toplevel [5ms]
2025-06-02 12:53:33.421 [info] > git merge-base refs/heads/main refs/remotes/origin/main [10ms]
2025-06-02 12:53:33.434 [info] > git diff --name-status -z --diff-filter=ADMR a70362f182791ff077ab8b8dadc0e5d17472041e...refs/remotes/origin/main [6ms]
2025-06-02 12:53:33.435 [info] > git rev-parse --show-toplevel [1ms]
2025-06-02 12:53:33.437 [info] [Model][doInitialScan] Initial repository scan completed - repositories (1), closed repositories (0), parent repositories (0), unsafe repositories (0)
2025-06-02 12:53:33.473 [info] > git show --textconv :roles/web_servers/handlers/main.yaml [28ms]
2025-06-02 12:53:33.473 [info] > git ls-files --stage -- roles/web_servers/handlers/main.yaml [23ms]
2025-06-02 12:53:33.491 [info] > git hash-object -t tree /dev/null [11ms]
2025-06-02 12:53:33.491 [warning] [GitFileSystemProvider][stat] File not found - git:/home/ubuntu/roles/web_servers/handlers/main.yaml.git?%7B%22path%22%3A%22%2Fhome%2Fubuntu%2Froles%2Fweb_servers%2Fhandlers%2Fmain.yaml%22%2C%22ref%22%3A%22%22%7D
2025-06-02 12:53:33.500 [info] > git for-each-ref --sort -committerdate --format %(refname)%00%(objectname)%00%(*objectname) [33ms]
2025-06-02 12:53:33.502 [info] > git hash-object -t tree /dev/null [12ms]
2025-06-02 12:53:33.502 [warning] [GitFileSystemProvider][readFile] File not found - git:/home/ubuntu/roles/web_servers/handlers/main.yaml.git?%7B%22path%22%3A%22%2Fhome%2Fubuntu%2Froles%2Fweb_servers%2Fhandlers%2Fmain.yaml%22%2C%22ref%22%3A%22%22%7D
2025-06-02 12:53:33.504 [info] > git status -z -uall [43ms]
2025-06-02 12:53:33.574 [info] > git config --get commit.template [1ms]
2025-06-02 12:53:34.170 [info] > git for-each-ref --format=%(refname)%00%(upstream:short)%00%(objectname)%00%(upstream:track)%00%(upstream:remotename)%00%(upstream:remoteref) refs/heads/main refs/remotes/main [591ms]
2025-06-02 12:53:34.580 [info] > git blame --root --incremental a70362f182791ff077ab8b8dadc0e5d17472041e -- roles/web_servers/handlers/main.yaml [334ms]
2025-06-02 12:53:34.580 [info] fatal: no such path roles/web_servers/handlers/main.yaml in a70362f182791ff077ab8b8dadc0e5d17472041e
2025-06-02 12:53:34.582 [info] > git for-each-ref --sort -committerdate --format %(refname)%00%(objectname)%00%(*objectname) [4ms]
2025-06-02 12:53:34.595 [info] > git status -z -uall [24ms]
2025-06-02 12:53:35.927 [info] > git config --get --local branch.main.github-pr-owner-number [171ms]
2025-06-02 12:53:35.928 [warning] [Git][config] git config failed: Failed to execute git
2025-06-02 12:53:41.381 [info] > git config --get commit.template [6ms]
2025-06-02 12:53:41.381 [info] > git for-each-ref --format=%(refname)%00%(upstream:short)%00%(objectname)%00%(upstream:track)%00%(upstream:remotename)%00%(upstream:remoteref) refs/heads/main refs/remotes/main [1ms]
2025-06-02 12:53:41.402 [info] > git for-each-ref --sort -committerdate --format %(refname)%00%(objectname)%00%(*objectname) [1ms]
2025-06-02 12:53:41.414 [info] > git status -z -uall [22ms]
2025-06-02 12:53:42.322 [info] > git show --textconv :roles/web_servers/handlers/main.yaml [20ms]
2025-06-02 12:53:42.322 [info] > git show --textconv HEAD:roles/web_servers/handlers/main.yaml [13ms]
2025-06-02 12:53:42.322 [info] > git ls-files --stage -- roles/web_servers/handlers/main.yaml [6ms]
2025-06-02 12:53:42.330 [warning] [GitFileSystemProvider][readFile] File not found - git:/home/ubuntu/roles/web_servers/handlers/main.yaml.git?%7B%22path%22%3A%22%2Fhome%2Fubuntu%2Froles%2Fweb_servers%2Fhandlers%2Fmain.yaml%22%2C%22ref%22%3A%22HEAD%22%7D
2025-06-02 12:53:42.331 [info] > git cat-file -s 4fe8bf2487a92334e850a72c951be0ebb93cb4d9 [2ms]
2025-06-02 12:53:42.332 [info] > git ls-tree -l HEAD -- roles/web_servers/handlers/main.yaml [9ms]
2025-06-02 12:53:42.332 [warning] [GitFileSystemProvider][stat] File not found - git:/home/ubuntu/roles/web_servers/handlers/main.yaml.git?%7B%22path%22%3A%22%2Fhome%2Fubuntu%2Froles%2Fweb_servers%2Fhandlers%2Fmain.yaml%22%2C%22ref%22%3A%22HEAD%22%7D
2025-06-02 12:53:42.536 [info] > git ls-files --stage -- roles/web_servers/handlers/main.yaml [1ms]
2025-06-02 12:53:42.543 [info] > git cat-file -s 4fe8bf2487a92334e850a72c951be0ebb93cb4d9 [1ms]
2025-06-02 12:53:42.620 [info] > git show --textconv :roles/web_servers/handlers/main.yaml [2ms]
2025-06-02 12:53:51.392 [info] > git config --get commit.template [7ms]
2025-06-02 12:53:51.392 [info] > git for-each-ref --format=%(refname)%00%(upstream:short)%00%(objectname)%00%(upstream:track)%00%(upstream:remotename)%00%(upstream:remoteref) refs/heads/main refs/remotes/main [1ms]
2025-06-02 12:53:51.408 [info] > git for-each-ref --sort -committerdate --format %(refname)%00%(objectname)%00%(*objectname) [1ms]
2025-06-02 12:53:51.421 [info] > git status -z -uall [23ms]
2025-06-02 12:53:52.012 [info] > git merge-base refs/heads/main refs/remotes/origin/main [540ms]
2025-06-02 12:53:52.019 [info] > git blame --root --incremental 8b1b6cbb0a35c094845a1309a57bcb5ad6880f58 -- roles/web_servers/handlers/main.yaml [553ms]
2025-06-02 12:53:52.023 [info] > git diff --name-status -z --diff-filter=ADMR a70362f182791ff077ab8b8dadc0e5d17472041e...refs/remotes/origin/main [5ms]
2025-06-02 12:53:52.024 [info] > git config --get --local branch.main.github-pr-owner-number [13ms]
2025-06-02 12:53:52.024 [warning] [Git][config] git config failed: Failed to execute git
2025-06-02 12:53:53.189 [info] > git ls-files --stage -- roles/web_servers/handlers/main.yaml [1ms]
2025-06-02 12:53:53.202 [info] > git cat-file -s 4fe8bf2487a92334e850a72c951be0ebb93cb4d9 [2ms]
2025-06-02 12:53:53.274 [info] > git show --textconv :roles/web_servers/handlers/main.yaml [1ms]
2025-06-02 12:57:58.382 [info] > git config --get commit.template [1ms]
2025-06-02 12:57:58.391 [info] > git for-each-ref --format=%(refname)%00%(upstream:short)%00%(objectname)%00%(upstream:track)%00%(upstream:remotename)%00%(upstream:remoteref) refs/heads/main refs/remotes/main [2ms]
2025-06-02 12:57:58.407 [info] > git for-each-ref --sort -committerdate --format %(refname)%00%(objectname)%00%(*objectname) [2ms]
2025-06-02 12:57:58.425 [info] > git status -z -uall [26ms]
2025-06-02 12:58:30.458 [info] > git config --get commit.template [2ms]
2025-06-02 12:58:30.465 [info] > git for-each-ref --format=%(refname)%00%(upstream:short)%00%(objectname)%00%(upstream:track)%00%(upstream:remotename)%00%(upstream:remoteref) refs/heads/main refs/remotes/main [1ms]
2025-06-02 12:58:30.482 [info] > git for-each-ref --sort -committerdate --format %(refname)%00%(objectname)%00%(*objectname) [1ms]
2025-06-02 12:58:30.497 [info] > git status -z -uall [24ms]
2025-06-02 12:58:35.558 [info] > git config --get commit.template [8ms]
2025-06-02 12:58:35.558 [info] > git for-each-ref --format=%(refname)%00%(upstream:short)%00%(objectname)%00%(upstream:track)%00%(upstream:remotename)%00%(upstream:remoteref) refs/heads/main refs/remotes/main [1ms]
2025-06-02 12:58:35.575 [info] > git for-each-ref --sort -committerdate --format %(refname)%00%(objectname)%00%(*objectname) [1ms]
2025-06-02 12:58:35.586 [info] > git status -z -uall [20ms]
2025-06-02 12:58:40.637 [info] > git config --get commit.template [6ms]
2025-06-02 12:58:40.638 [info] > git for-each-ref --format=%(refname)%00%(upstream:short)%00%(objectname)%00%(upstream:track)%00%(upstream:remotename)%00%(upstream:remoteref) refs/heads/main refs/remotes/main [1ms]
2025-06-02 12:58:40.651 [info] > git for-each-ref --sort -committerdate --format %(refname)%00%(objectname)%00%(*objectname) [0ms]
2025-06-02 12:58:40.663 [info] > git status -z -uall [19ms]
2025-06-02 12:58:45.141 [info] > git config --get commit.template [1ms]
2025-06-02 12:58:45.150 [info] > git for-each-ref --format=%(refname)%00%(upstream:short)%00%(objectname)%00%(upstream:track)%00%(upstream:remotename)%00%(upstream:remoteref) refs/heads/main refs/remotes/main [2ms]
2025-06-02 12:58:45.170 [info] > git for-each-ref --sort -committerdate --format %(refname)%00%(objectname)%00%(*objectname) [4ms]
2025-06-02 12:58:45.181 [info] > git status -z -uall [25ms]
2025-06-02 12:58:45.718 [info] > git config --get commit.template [6ms]
2025-06-02 12:58:45.719 [info] > git for-each-ref --format=%(refname)%00%(upstream:short)%00%(objectname)%00%(upstream:track)%00%(upstream:remotename)%00%(upstream:remoteref) refs/heads/main refs/remotes/main [1ms]
2025-06-02 12:58:45.735 [info] > git for-each-ref --sort -committerdate --format %(refname)%00%(objectname)%00%(*objectname) [2ms]
2025-06-02 12:58:45.746 [info] > git status -z -uall [21ms]
2025-06-02 12:58:50.794 [info] > git config --get commit.template [0ms]
2025-06-02 12:58:50.802 [info] > git for-each-ref --format=%(refname)%00%(upstream:short)%00%(objectname)%00%(upstream:track)%00%(upstream:remotename)%00%(upstream:remoteref) refs/heads/main refs/remotes/main [1ms]
2025-06-02 12:58:50.816 [info] > git for-each-ref --sort -committerdate --format %(refname)%00%(objectname)%00%(*objectname) [3ms]
2025-06-02 12:58:50.831 [info] > git status -z -uall [23ms]
2025-06-02 12:58:55.887 [info] > git config --get commit.template [0ms]
2025-06-02 12:58:55.895 [info] > git for-each-ref --format=%(refname)%00%(upstream:short)%00%(objectname)%00%(upstream:track)%00%(upstream:remotename)%00%(upstream:remoteref) refs/heads/main refs/remotes/main [2ms]
2025-06-02 12:58:55.908 [info] > git for-each-ref --sort -committerdate --format %(refname)%00%(objectname)%00%(*objectname) [1ms]
2025-06-02 12:58:55.921 [info] > git status -z -uall [20ms]
2025-06-02 12:59:00.978 [info] > git config --get commit.template [6ms]
2025-06-02 12:59:00.980 [info] > git for-each-ref --format=%(refname)%00%(upstream:short)%00%(objectname)%00%(upstream:track)%00%(upstream:remotename)%00%(upstream:remoteref) refs/heads/main refs/remotes/main [2ms]
2025-06-02 12:59:00.993 [info] > git for-each-ref --sort -committerdate --format %(refname)%00%(objectname)%00%(*objectname) [2ms]
2025-06-02 12:59:01.009 [info] > git status -z -uall [24ms]
2025-06-02 12:59:06.063 [info] > git config --get commit.template [7ms]
2025-06-02 12:59:06.064 [info] > git for-each-ref --format=%(refname)%00%(upstream:short)%00%(objectname)%00%(upstream:track)%00%(upstream:remotename)%00%(upstream:remoteref) refs/heads/main refs/remotes/main [1ms]
2025-06-02 12:59:06.088 [info] > git for-each-ref --sort -committerdate --format %(refname)%00%(objectname)%00%(*objectname) [5ms]
2025-06-02 12:59:06.093 [info] > git status -z -uall [21ms]
2025-06-02 12:59:11.145 [info] > git config --get commit.template [7ms]
2025-06-02 12:59:11.145 [info] > git for-each-ref --format=%(refname)%00%(upstream:short)%00%(objectname)%00%(upstream:track)%00%(upstream:remotename)%00%(upstream:remoteref) refs/heads/main refs/remotes/main [1ms]
2025-06-02 12:59:11.158 [info] > git for-each-ref --sort -committerdate --format %(refname)%00%(objectname)%00%(*objectname) [1ms]
2025-06-02 12:59:11.170 [info] > git status -z -uall [18ms]
2025-06-02 12:59:16.218 [info] > git config --get commit.template [8ms]
2025-06-02 12:59:16.219 [info] > git for-each-ref --format=%(refname)%00%(upstream:short)%00%(objectname)%00%(upstream:track)%00%(upstream:remotename)%00%(upstream:remoteref) refs/heads/main refs/remotes/main [2ms]
2025-06-02 12:59:16.235 [info] > git for-each-ref --sort -committerdate --format %(refname)%00%(objectname)%00%(*objectname) [1ms]
2025-06-02 12:59:16.248 [info] > git status -z -uall [23ms]
2025-06-02 12:59:18.109 [info] > git config --get commit.template [8ms]
2025-06-02 12:59:18.110 [info] > git for-each-ref --format=%(refname)%00%(upstream:short)%00%(objectname)%00%(upstream:track)%00%(upstream:remotename)%00%(upstream:remoteref) refs/heads/main refs/remotes/main [1ms]
2025-06-02 12:59:18.124 [info] > git for-each-ref --sort -committerdate --format %(refname)%00%(objectname)%00%(*objectname) [1ms]
2025-06-02 12:59:18.137 [info] > git status -z -uall [21ms]
2025-06-02 12:59:21.298 [info] > git config --get commit.template [7ms]
2025-06-02 12:59:21.299 [info] > git for-each-ref --format=%(refname)%00%(upstream:short)%00%(objectname)%00%(upstream:track)%00%(upstream:remotename)%00%(upstream:remoteref) refs/heads/main refs/remotes/main [1ms]
2025-06-02 12:59:21.310 [info] > git for-each-ref --sort -committerdate --format %(refname)%00%(objectname)%00%(*objectname) [0ms]
2025-06-02 12:59:21.323 [info] > git status -z -uall [19ms]
2025-06-02 12:59:26.375 [info] > git config --get commit.template [9ms]
2025-06-02 12:59:26.375 [info] > git for-each-ref --format=%(refname)%00%(upstream:short)%00%(objectname)%00%(upstream:track)%00%(upstream:remotename)%00%(upstream:remoteref) refs/heads/main refs/remotes/main [1ms]
2025-06-02 12:59:26.388 [info] > git for-each-ref --sort -committerdate --format %(refname)%00%(objectname)%00%(*objectname) [0ms]
2025-06-02 12:59:26.401 [info] > git status -z -uall [19ms]
2025-06-02 12:59:31.948 [info] > git ls-files --stage -- roles/web_servers/handlers/main.yaml [1ms]
2025-06-02 12:59:31.954 [info] > git cat-file -s 4fe8bf2487a92334e850a72c951be0ebb93cb4d9 [1ms]
2025-06-02 12:59:32.001 [info] > git show --textconv :roles/web_servers/handlers/main.yaml [1ms]
2025-06-02 12:59:33.016 [info] > git config --get commit.template [8ms]
2025-06-02 12:59:33.018 [info] > git for-each-ref --format=%(refname)%00%(upstream:short)%00%(objectname)%00%(upstream:track)%00%(upstream:remotename)%00%(upstream:remoteref) refs/heads/main refs/remotes/main [1ms]
2025-06-02 12:59:33.034 [info] > git for-each-ref --sort -committerdate --format %(refname)%00%(objectname)%00%(*objectname) [0ms]
2025-06-02 12:59:33.045 [info] > git status -z -uall [21ms]
2025-06-02 12:59:38.095 [info] > git config --get commit.template [1ms]
2025-06-02 12:59:38.102 [info] > git for-each-ref --format=%(refname)%00%(upstream:short)%00%(objectname)%00%(upstream:track)%00%(upstream:remotename)%00%(upstream:remoteref) refs/heads/main refs/remotes/main [2ms]
2025-06-02 12:59:38.116 [info] > git for-each-ref --sort -committerdate --format %(refname)%00%(objectname)%00%(*objectname) [1ms]
2025-06-02 12:59:38.129 [info] > git status -z -uall [20ms]
2025-06-02 12:59:43.181 [info] > git config --get commit.template [7ms]
2025-06-02 12:59:43.182 [info] > git for-each-ref --format=%(refname)%00%(upstream:short)%00%(objectname)%00%(upstream:track)%00%(upstream:remotename)%00%(upstream:remoteref) refs/heads/main refs/remotes/main [1ms]
2025-06-02 12:59:43.195 [info] > git for-each-ref --sort -committerdate --format %(refname)%00%(objectname)%00%(*objectname) [1ms]
2025-06-02 12:59:43.207 [info] > git status -z -uall [20ms]
2025-06-02 12:59:48.254 [info] > git config --get commit.template [0ms]
2025-06-02 12:59:48.261 [info] > git for-each-ref --format=%(refname)%00%(upstream:short)%00%(objectname)%00%(upstream:track)%00%(upstream:remotename)%00%(upstream:remoteref) refs/heads/main refs/remotes/main [1ms]
2025-06-02 12:59:48.274 [info] > git for-each-ref --sort -committerdate --format %(refname)%00%(objectname)%00%(*objectname) [1ms]
2025-06-02 12:59:48.286 [info] > git status -z -uall [19ms]
2025-06-02 12:59:53.343 [info] > git config --get commit.template [7ms]
2025-06-02 12:59:53.344 [info] > git for-each-ref --format=%(refname)%00%(upstream:short)%00%(objectname)%00%(upstream:track)%00%(upstream:remotename)%00%(upstream:remoteref) refs/heads/main refs/remotes/main [1ms]
2025-06-02 12:59:53.358 [info] > git for-each-ref --sort -committerdate --format %(refname)%00%(objectname)%00%(*objectname) [1ms]
2025-06-02 12:59:53.370 [info] > git status -z -uall [20ms]
2025-06-02 12:59:58.420 [info] > git config --get commit.template [1ms]
2025-06-02 12:59:58.427 [info] > git for-each-ref --format=%(refname)%00%(upstream:short)%00%(objectname)%00%(upstream:track)%00%(upstream:remotename)%00%(upstream:remoteref) refs/heads/main refs/remotes/main [1ms]
2025-06-02 12:59:58.442 [info] > git for-each-ref --sort -committerdate --format %(refname)%00%(objectname)%00%(*objectname) [1ms]
2025-06-02 12:59:58.458 [info] > git status -z -uall [23ms]
2025-06-02 13:00:03.505 [info] > git config --get commit.template [1ms]
2025-06-02 13:00:03.515 [info] > git for-each-ref --format=%(refname)%00%(upstream:short)%00%(objectname)%00%(upstream:track)%00%(upstream:remotename)%00%(upstream:remoteref) refs/heads/main refs/remotes/main [0ms]
2025-06-02 13:00:03.534 [info] > git for-each-ref --sort -committerdate --format %(refname)%00%(objectname)%00%(*objectname) [3ms]
2025-06-02 13:00:03.542 [info] > git status -z -uall [19ms]
2025-06-02 13:00:08.595 [info] > git config --get commit.template [7ms]
2025-06-02 13:00:08.596 [info] > git for-each-ref --format=%(refname)%00%(upstream:short)%00%(objectname)%00%(upstream:track)%00%(upstream:remotename)%00%(upstream:remoteref) refs/heads/main refs/remotes/main [2ms]
2025-06-02 13:00:08.611 [info] > git for-each-ref --sort -committerdate --format %(refname)%00%(objectname)%00%(*objectname) [2ms]
2025-06-02 13:00:08.623 [info] > git status -z -uall [22ms]
2025-06-02 13:00:13.668 [info] > git config --get commit.template [1ms]
2025-06-02 13:00:13.676 [info] > git for-each-ref --format=%(refname)%00%(upstream:short)%00%(objectname)%00%(upstream:track)%00%(upstream:remotename)%00%(upstream:remoteref) refs/heads/main refs/remotes/main [2ms]
2025-06-02 13:00:13.692 [info] > git for-each-ref --sort -committerdate --format %(refname)%00%(objectname)%00%(*objectname) [2ms]
2025-06-02 13:00:13.701 [info] > git status -z -uall [18ms]
2025-06-02 13:00:18.746 [info] > git config --get commit.template [0ms]
2025-06-02 13:00:18.754 [info] > git for-each-ref --format=%(refname)%00%(upstream:short)%00%(objectname)%00%(upstream:track)%00%(upstream:remotename)%00%(upstream:remoteref) refs/heads/main refs/remotes/main [0ms]
2025-06-02 13:00:18.767 [info] > git for-each-ref --sort -committerdate --format %(refname)%00%(objectname)%00%(*objectname) [1ms]
2025-06-02 13:00:18.786 [info] > git status -z -uall [27ms]
2025-06-02 13:00:23.841 [info] > git config --get commit.template [7ms]
2025-06-02 13:00:23.842 [info] > git for-each-ref --format=%(refname)%00%(upstream:short)%00%(objectname)%00%(upstream:track)%00%(upstream:remotename)%00%(upstream:remoteref) refs/heads/main refs/remotes/main [2ms]
2025-06-02 13:00:23.856 [info] > git for-each-ref --sort -committerdate --format %(refname)%00%(objectname)%00%(*objectname) [0ms]
2025-06-02 13:00:23.868 [info] > git status -z -uall [19ms]
2025-06-02 13:00:27.639 [info] > git ls-files --stage -- roles/web_servers/handlers/main.yaml [1ms]
2025-06-02 13:00:27.645 [info] > git cat-file -s 4fe8bf2487a92334e850a72c951be0ebb93cb4d9 [1ms]
2025-06-02 13:00:27.721 [info] > git show --textconv :roles/web_servers/handlers/main.yaml [2ms]
2025-06-02 13:00:28.918 [info] > git config --get commit.template [6ms]
2025-06-02 13:00:28.919 [info] > git for-each-ref --format=%(refname)%00%(upstream:short)%00%(objectname)%00%(upstream:track)%00%(upstream:remotename)%00%(upstream:remoteref) refs/heads/main refs/remotes/main [2ms]
2025-06-02 13:00:28.933 [info] > git for-each-ref --sort -committerdate --format %(refname)%00%(objectname)%00%(*objectname) [2ms]
2025-06-02 13:00:28.945 [info] > git status -z -uall [21ms]
2025-06-02 13:00:31.574 [info] > git ls-files --stage -- roles/web_servers/handlers/main.yaml [1ms]
2025-06-02 13:00:31.582 [info] > git cat-file -s 4fe8bf2487a92334e850a72c951be0ebb93cb4d9 [1ms]
2025-06-02 13:00:31.628 [info] > git show --textconv :roles/web_servers/handlers/main.yaml [1ms]
2025-06-02 13:00:33.998 [info] > git config --get commit.template [8ms]
2025-06-02 13:00:33.998 [info] > git for-each-ref --format=%(refname)%00%(upstream:short)%00%(objectname)%00%(upstream:track)%00%(upstream:remotename)%00%(upstream:remoteref) refs/heads/main refs/remotes/main [0ms]
2025-06-02 13:00:34.015 [info] > git for-each-ref --sort -committerdate --format %(refname)%00%(objectname)%00%(*objectname) [1ms]
2025-06-02 13:00:34.028 [info] > git status -z -uall [21ms]
2025-06-02 13:00:39.072 [info] > git config --get commit.template [1ms]
2025-06-02 13:00:39.079 [info] > git for-each-ref --format=%(refname)%00%(upstream:short)%00%(objectname)%00%(upstream:track)%00%(upstream:remotename)%00%(upstream:remoteref) refs/heads/main refs/remotes/main [2ms]
2025-06-02 13:00:39.094 [info] > git for-each-ref --sort -committerdate --format %(refname)%00%(objectname)%00%(*objectname) [1ms]
2025-06-02 13:00:39.107 [info] > git status -z -uall [21ms]
2025-06-02 13:00:40.090 [info] > git ls-files --stage -- roles/web_servers/handlers/main.yaml [1ms]
2025-06-02 13:00:40.097 [info] > git cat-file -s 4fe8bf2487a92334e850a72c951be0ebb93cb4d9 [1ms]
2025-06-02 13:00:40.173 [info] > git show --textconv :roles/web_servers/handlers/main.yaml [2ms]
2025-06-02 13:00:44.154 [info] > git config --get commit.template [6ms]
2025-06-02 13:00:44.155 [info] > git for-each-ref --format=%(refname)%00%(upstream:short)%00%(objectname)%00%(upstream:track)%00%(upstream:remotename)%00%(upstream:remoteref) refs/heads/main refs/remotes/main [1ms]
2025-06-02 13:00:44.170 [info] > git for-each-ref --sort -committerdate --format %(refname)%00%(objectname)%00%(*objectname) [0ms]
2025-06-02 13:00:44.182 [info] > git status -z -uall [21ms]
2025-06-02 13:00:49.233 [info] > git config --get commit.template [7ms]
2025-06-02 13:00:49.234 [info] > git for-each-ref --format=%(refname)%00%(upstream:short)%00%(objectname)%00%(upstream:track)%00%(upstream:remotename)%00%(upstream:remoteref) refs/heads/main refs/remotes/main [2ms]
2025-06-02 13:00:49.247 [info] > git for-each-ref --sort -committerdate --format %(refname)%00%(objectname)%00%(*objectname) [1ms]
2025-06-02 13:00:49.261 [info] > git status -z -uall [21ms]
2025-06-02 13:00:54.311 [info] > git config --get commit.template [7ms]
2025-06-02 13:00:54.312 [info] > git for-each-ref --format=%(refname)%00%(upstream:short)%00%(objectname)%00%(upstream:track)%00%(upstream:remotename)%00%(upstream:remoteref) refs/heads/main refs/remotes/main [1ms]
2025-06-02 13:00:54.326 [info] > git for-each-ref --sort -committerdate --format %(refname)%00%(objectname)%00%(*objectname) [0ms]
2025-06-02 13:00:54.339 [info] > git status -z -uall [20ms]
2025-06-02 13:00:59.390 [info] > git config --get commit.template [7ms]
2025-06-02 13:00:59.390 [info] > git for-each-ref --format=%(refname)%00%(upstream:short)%00%(objectname)%00%(upstream:track)%00%(upstream:remotename)%00%(upstream:remoteref) refs/heads/main refs/remotes/main [1ms]
2025-06-02 13:00:59.405 [info] > git for-each-ref --sort -committerdate --format %(refname)%00%(objectname)%00%(*objectname) [1ms]
2025-06-02 13:00:59.422 [info] > git status -z -uall [23ms]
2025-06-02 13:01:04.468 [info] > git config --get commit.template [1ms]
2025-06-02 13:01:04.477 [info] > git for-each-ref --format=%(refname)%00%(upstream:short)%00%(objectname)%00%(upstream:track)%00%(upstream:remotename)%00%(upstream:remoteref) refs/heads/main refs/remotes/main [2ms]
2025-06-02 13:01:04.492 [info] > git for-each-ref --sort -committerdate --format %(refname)%00%(objectname)%00%(*objectname) [0ms]
2025-06-02 13:01:04.504 [info] > git status -z -uall [20ms]
2025-06-02 13:01:09.555 [info] > git config --get commit.template [7ms]
2025-06-02 13:01:09.556 [info] > git for-each-ref --format=%(refname)%00%(upstream:short)%00%(objectname)%00%(upstream:track)%00%(upstream:remotename)%00%(upstream:remoteref) refs/heads/main refs/remotes/main [2ms]
2025-06-02 13:01:09.571 [info] > git for-each-ref --sort -committerdate --format %(refname)%00%(objectname)%00%(*objectname) [2ms]
2025-06-02 13:01:09.584 [info] > git status -z -uall [22ms]
2025-06-02 13:01:14.635 [info] > git config --get commit.template [7ms]
2025-06-02 13:01:14.636 [info] > git for-each-ref --format=%(refname)%00%(upstream:short)%00%(objectname)%00%(upstream:track)%00%(upstream:remotename)%00%(upstream:remoteref) refs/heads/main refs/remotes/main [2ms]
2025-06-02 13:01:14.650 [info] > git for-each-ref --sort -committerdate --format %(refname)%00%(objectname)%00%(*objectname) [0ms]
2025-06-02 13:01:14.662 [info] > git status -z -uall [19ms]
2025-06-02 13:01:19.722 [info] > git config --get commit.template [7ms]
2025-06-02 13:01:19.723 [info] > git for-each-ref --format=%(refname)%00%(upstream:short)%00%(objectname)%00%(upstream:track)%00%(upstream:remotename)%00%(upstream:remoteref) refs/heads/main refs/remotes/main [1ms]
2025-06-02 13:01:19.741 [info] > git for-each-ref --sort -committerdate --format %(refname)%00%(objectname)%00%(*objectname) [3ms]
2025-06-02 13:01:19.752 [info] > git status -z -uall [20ms]
2025-06-02 13:01:24.802 [info] > git config --get commit.template [7ms]
2025-06-02 13:01:24.804 [info] > git for-each-ref --format=%(refname)%00%(upstream:short)%00%(objectname)%00%(upstream:track)%00%(upstream:remotename)%00%(upstream:remoteref) refs/heads/main refs/remotes/main [3ms]
2025-06-02 13:01:24.817 [info] > git for-each-ref --sort -committerdate --format %(refname)%00%(objectname)%00%(*objectname) [0ms]
2025-06-02 13:01:24.829 [info] > git status -z -uall [19ms]
2025-06-02 13:01:43.029 [info] > git config --get commit.template [8ms]
2025-06-02 13:01:43.030 [info] > git for-each-ref --format=%(refname)%00%(upstream:short)%00%(objectname)%00%(upstream:track)%00%(upstream:remotename)%00%(upstream:remoteref) refs/heads/main refs/remotes/main [1ms]
2025-06-02 13:01:43.045 [info] > git for-each-ref --sort -committerdate --format %(refname)%00%(objectname)%00%(*objectname) [2ms]
2025-06-02 13:01:43.055 [info] > git status -z -uall [19ms]
2025-06-02 13:02:11.664 [info] > git config --get commit.template [8ms]
2025-06-02 13:02:11.664 [info] > git for-each-ref --format=%(refname)%00%(upstream:short)%00%(objectname)%00%(upstream:track)%00%(upstream:remotename)%00%(upstream:remoteref) refs/heads/main refs/remotes/main [2ms]
2025-06-02 13:02:11.678 [info] > git for-each-ref --sort -committerdate --format %(refname)%00%(objectname)%00%(*objectname) [0ms]
2025-06-02 13:02:11.690 [info] > git status -z -uall [20ms]
2025-06-02 13:02:16.755 [info] > git for-each-ref --format=%(refname)%00%(upstream:short)%00%(objectname)%00%(upstream:track)%00%(upstream:remotename)%00%(upstream:remoteref) refs/heads/main refs/remotes/main [2ms]
2025-06-02 13:02:16.755 [info] > git config --get commit.template [9ms]
2025-06-02 13:02:16.785 [info] > git status -z -uall [23ms]
2025-06-02 13:02:16.791 [info] > git for-each-ref --sort -committerdate --format %(refname)%00%(objectname)%00%(*objectname) [10ms]
2025-06-02 13:02:21.836 [info] > git config --get commit.template [0ms]
2025-06-02 13:02:21.859 [info] > git for-each-ref --format=%(refname)%00%(upstream:short)%00%(objectname)%00%(upstream:track)%00%(upstream:remotename)%00%(upstream:remoteref) refs/heads/main refs/remotes/main [14ms]
2025-06-02 13:02:21.927 [info] > git for-each-ref --sort -committerdate --format %(refname)%00%(objectname)%00%(*objectname) [7ms]
2025-06-02 13:02:21.964 [info] > git status -z -uall [60ms]
2025-06-02 13:02:27.140 [info] > git config --get commit.template [7ms]
2025-06-02 13:02:27.140 [info] > git for-each-ref --format=%(refname)%00%(upstream:short)%00%(objectname)%00%(upstream:track)%00%(upstream:remotename)%00%(upstream:remoteref) refs/heads/main refs/remotes/main [1ms]
2025-06-02 13:02:27.155 [info] > git for-each-ref --sort -committerdate --format %(refname)%00%(objectname)%00%(*objectname) [2ms]
2025-06-02 13:02:27.166 [info] > git status -z -uall [19ms]
2025-06-02 13:02:32.216 [info] > git config --get commit.template [7ms]
2025-06-02 13:02:32.218 [info] > git for-each-ref --format=%(refname)%00%(upstream:short)%00%(objectname)%00%(upstream:track)%00%(upstream:remotename)%00%(upstream:remoteref) refs/heads/main refs/remotes/main [2ms]
2025-06-02 13:02:32.236 [info] > git for-each-ref --sort -committerdate --format %(refname)%00%(objectname)%00%(*objectname) [2ms]
2025-06-02 13:02:32.247 [info] > git status -z -uall [23ms]
2025-06-02 13:02:37.292 [info] > git config --get commit.template [1ms]
2025-06-02 13:02:37.301 [info] > git for-each-ref --format=%(refname)%00%(upstream:short)%00%(objectname)%00%(upstream:track)%00%(upstream:remotename)%00%(upstream:remoteref) refs/heads/main refs/remotes/main [1ms]
2025-06-02 13:02:37.314 [info] > git for-each-ref --sort -committerdate --format %(refname)%00%(objectname)%00%(*objectname) [1ms]
2025-06-02 13:02:37.326 [info] > git status -z -uall [19ms]
2025-06-02 13:02:42.379 [info] > git config --get commit.template [8ms]
2025-06-02 13:02:42.380 [info] > git for-each-ref --format=%(refname)%00%(upstream:short)%00%(objectname)%00%(upstream:track)%00%(upstream:remotename)%00%(upstream:remoteref) refs/heads/main refs/remotes/main [2ms]
2025-06-02 13:02:42.394 [info] > git for-each-ref --sort -committerdate --format %(refname)%00%(objectname)%00%(*objectname) [1ms]
2025-06-02 13:02:42.409 [info] > git status -z -uall [23ms]
2025-06-02 13:02:47.460 [info] > git config --get commit.template [6ms]
2025-06-02 13:02:47.462 [info] > git for-each-ref --format=%(refname)%00%(upstream:short)%00%(objectname)%00%(upstream:track)%00%(upstream:remotename)%00%(upstream:remoteref) refs/heads/main refs/remotes/main [3ms]
2025-06-02 13:02:47.475 [info] > git for-each-ref --sort -committerdate --format %(refname)%00%(objectname)%00%(*objectname) [1ms]
2025-06-02 13:02:47.489 [info] > git status -z -uall [21ms]
2025-06-02 13:02:52.537 [info] > git config --get commit.template [1ms]
2025-06-02 13:02:52.544 [info] > git for-each-ref --format=%(refname)%00%(upstream:short)%00%(objectname)%00%(upstream:track)%00%(upstream:remotename)%00%(upstream:remoteref) refs/heads/main refs/remotes/main [1ms]
2025-06-02 13:02:52.559 [info] > git for-each-ref --sort -committerdate --format %(refname)%00%(objectname)%00%(*objectname) [0ms]
2025-06-02 13:02:52.571 [info] > git status -z -uall [20ms]
2025-06-02 13:02:57.617 [info] > git config --get commit.template [0ms]
2025-06-02 13:02:57.625 [info] > git for-each-ref --format=%(refname)%00%(upstream:short)%00%(objectname)%00%(upstream:track)%00%(upstream:remotename)%00%(upstream:remoteref) refs/heads/main refs/remotes/main [2ms]
2025-06-02 13:02:57.639 [info] > git for-each-ref --sort -committerdate --format %(refname)%00%(objectname)%00%(*objectname) [2ms]
2025-06-02 13:02:57.653 [info] > git status -z -uall [21ms]
2025-06-02 13:03:02.705 [info] > git config --get commit.template [8ms]
2025-06-02 13:03:02.706 [info] > git for-each-ref --format=%(refname)%00%(upstream:short)%00%(objectname)%00%(upstream:track)%00%(upstream:remotename)%00%(upstream:remoteref) refs/heads/main refs/remotes/main [2ms]
2025-06-02 13:03:02.723 [info] > git for-each-ref --sort -committerdate --format %(refname)%00%(objectname)%00%(*objectname) [2ms]
2025-06-02 13:03:02.736 [info] > git status -z -uall [24ms]
2025-06-02 13:03:07.784 [info] > git config --get commit.template [6ms]
2025-06-02 13:03:07.786 [info] > git for-each-ref --format=%(refname)%00%(upstream:short)%00%(objectname)%00%(upstream:track)%00%(upstream:remotename)%00%(upstream:remoteref) refs/heads/main refs/remotes/main [2ms]
2025-06-02 13:03:07.800 [info] > git for-each-ref --sort -committerdate --format %(refname)%00%(objectname)%00%(*objectname) [0ms]
2025-06-02 13:03:07.815 [info] > git status -z -uall [23ms]
2025-06-02 13:03:11.881 [info] > git config --get commit.template [8ms]
2025-06-02 13:03:11.882 [info] > git for-each-ref --format=%(refname)%00%(upstream:short)%00%(objectname)%00%(upstream:track)%00%(upstream:remotename)%00%(upstream:remoteref) refs/heads/main refs/remotes/main [2ms]
2025-06-02 13:03:11.900 [info] > git for-each-ref --sort -committerdate --format %(refname)%00%(objectname)%00%(*objectname) [1ms]
2025-06-02 13:03:11.911 [info] > git status -z -uall [20ms]
2025-06-02 13:03:12.865 [info] > git config --get commit.template [8ms]
2025-06-02 13:03:12.866 [info] > git for-each-ref --format=%(refname)%00%(upstream:short)%00%(objectname)%00%(upstream:track)%00%(upstream:remotename)%00%(upstream:remoteref) refs/heads/main refs/remotes/main [1ms]
2025-06-02 13:03:12.881 [info] > git for-each-ref --sort -committerdate --format %(refname)%00%(objectname)%00%(*objectname) [0ms]
2025-06-02 13:03:12.895 [info] > git status -z -uall [22ms]
2025-06-02 13:03:13.587 [info] > git ls-files --stage -- roles/web_servers/handlers/main.yaml [1ms]
2025-06-02 13:03:13.594 [info] > git cat-file -s 4fe8bf2487a92334e850a72c951be0ebb93cb4d9 [1ms]
2025-06-02 13:03:13.669 [info] > git show --textconv :roles/web_servers/handlers/main.yaml [2ms]
2025-06-02 13:03:17.947 [info] > git config --get commit.template [7ms]
2025-06-02 13:03:17.948 [info] > git for-each-ref --format=%(refname)%00%(upstream:short)%00%(objectname)%00%(upstream:track)%00%(upstream:remotename)%00%(upstream:remoteref) refs/heads/main refs/remotes/main [1ms]
2025-06-02 13:03:17.964 [info] > git for-each-ref --sort -committerdate --format %(refname)%00%(objectname)%00%(*objectname) [1ms]
2025-06-02 13:03:17.977 [info] > git status -z -uall [21ms]
2025-06-02 13:03:23.026 [info] > git config --get commit.template [7ms]
2025-06-02 13:03:23.026 [info] > git for-each-ref --format=%(refname)%00%(upstream:short)%00%(objectname)%00%(upstream:track)%00%(upstream:remotename)%00%(upstream:remoteref) refs/heads/main refs/remotes/main [1ms]
2025-06-02 13:03:23.041 [info] > git for-each-ref --sort -committerdate --format %(refname)%00%(objectname)%00%(*objectname) [1ms]
2025-06-02 13:03:23.053 [info] > git status -z -uall [20ms]
2025-06-02 13:03:28.096 [info] > git config --get commit.template [1ms]
2025-06-02 13:03:28.103 [info] > git for-each-ref --format=%(refname)%00%(upstream:short)%00%(objectname)%00%(upstream:track)%00%(upstream:remotename)%00%(upstream:remoteref) refs/heads/main refs/remotes/main [1ms]
2025-06-02 13:03:28.120 [info] > git for-each-ref --sort -committerdate --format %(refname)%00%(objectname)%00%(*objectname) [1ms]
2025-06-02 13:03:28.131 [info] > git status -z -uall [21ms]
2025-06-02 13:03:33.071 [info] > git config --get commit.template [7ms]
2025-06-02 13:03:33.072 [info] > git for-each-ref --format=%(refname)%00%(upstream:short)%00%(objectname)%00%(upstream:track)%00%(upstream:remotename)%00%(upstream:remoteref) refs/heads/main refs/remotes/main [2ms]
2025-06-02 13:03:33.087 [info] > git for-each-ref --sort -committerdate --format %(refname)%00%(objectname)%00%(*objectname) [2ms]
2025-06-02 13:03:33.099 [info] > git status -z -uall [20ms]
2025-06-02 13:03:33.697 [info] > git merge-base refs/heads/main refs/remotes/origin/main [544ms]
2025-06-02 13:03:33.703 [info] > git blame --root --incremental 98097052ecc0811b51186ebc701571be684d862f -- roles/web_servers/handlers/main.yaml [559ms]
2025-06-02 13:03:33.709 [info] > git diff --name-status -z --diff-filter=ADMR a70362f182791ff077ab8b8dadc0e5d17472041e...refs/remotes/origin/main [6ms]
2025-06-02 13:03:33.710 [info] > git config --get commit.template [14ms]
2025-06-02 13:03:33.710 [info] > git config --get --local branch.main.github-pr-owner-number [21ms]
2025-06-02 13:03:33.710 [warning] [Git][config] git config failed: Failed to execute git
2025-06-02 13:03:33.769 [info] > git for-each-ref --format=%(refname)%00%(upstream:short)%00%(objectname)%00%(upstream:track)%00%(upstream:remotename)%00%(upstream:remoteref) refs/heads/main refs/remotes/main [3ms]
2025-06-02 13:03:33.786 [info] > git for-each-ref --sort -committerdate --format %(refname)%00%(objectname)%00%(*objectname) [3ms]
2025-06-02 13:03:33.799 [info] > git status -z -uall [23ms]
2025-06-02 13:03:34.824 [info] > git ls-files --stage -- roles/web_servers/handlers/main.yaml [2ms]
2025-06-02 13:03:34.832 [info] > git cat-file -s 4fe8bf2487a92334e850a72c951be0ebb93cb4d9 [1ms]
2025-06-02 13:03:34.905 [info] > git show --textconv :roles/web_servers/handlers/main.yaml [1ms]
2025-06-02 13:03:38.857 [info] > git config --get commit.template [8ms]
2025-06-02 13:03:38.858 [info] > git for-each-ref --format=%(refname)%00%(upstream:short)%00%(objectname)%00%(upstream:track)%00%(upstream:remotename)%00%(upstream:remoteref) refs/heads/main refs/remotes/main [1ms]
2025-06-02 13:03:38.872 [info] > git for-each-ref --sort -committerdate --format %(refname)%00%(objectname)%00%(*objectname) [0ms]
2025-06-02 13:03:38.883 [info] > git status -z -uall [19ms]
2025-06-02 13:03:43.937 [info] > git config --get commit.template [7ms]
2025-06-02 13:03:43.937 [info] > git for-each-ref --format=%(refname)%00%(upstream:short)%00%(objectname)%00%(upstream:track)%00%(upstream:remotename)%00%(upstream:remoteref) refs/heads/main refs/remotes/main [1ms]
2025-06-02 13:03:43.952 [info] > git for-each-ref --sort -committerdate --format %(refname)%00%(objectname)%00%(*objectname) [2ms]
2025-06-02 13:03:43.963 [info] > git status -z -uall [19ms]
2025-06-02 13:03:49.023 [info] > git config --get commit.template [8ms]
2025-06-02 13:03:49.025 [info] > git for-each-ref --format=%(refname)%00%(upstream:short)%00%(objectname)%00%(upstream:track)%00%(upstream:remotename)%00%(upstream:remoteref) refs/heads/main refs/remotes/main [2ms]
2025-06-02 13:03:49.041 [info] > git for-each-ref --sort -committerdate --format %(refname)%00%(objectname)%00%(*objectname) [1ms]
2025-06-02 13:03:49.054 [info] > git status -z -uall [21ms]
2025-06-02 13:03:54.110 [info] > git config --get commit.template [8ms]
2025-06-02 13:03:54.110 [info] > git for-each-ref --format=%(refname)%00%(upstream:short)%00%(objectname)%00%(upstream:track)%00%(upstream:remotename)%00%(upstream:remoteref) refs/heads/main refs/remotes/main [1ms]
2025-06-02 13:03:54.125 [info] > git for-each-ref --sort -committerdate --format %(refname)%00%(objectname)%00%(*objectname) [1ms]
2025-06-02 13:03:54.138 [info] > git status -z -uall [21ms]
2025-06-02 13:03:59.193 [info] > git config --get commit.template [8ms]
2025-06-02 13:03:59.196 [info] > git for-each-ref --format=%(refname)%00%(upstream:short)%00%(objectname)%00%(upstream:track)%00%(upstream:remotename)%00%(upstream:remoteref) refs/heads/main refs/remotes/main [3ms]
2025-06-02 13:03:59.212 [info] > git for-each-ref --sort -committerdate --format %(refname)%00%(objectname)%00%(*objectname) [2ms]
2025-06-02 13:03:59.221 [info] > git status -z -uall [19ms]
2025-06-02 13:04:04.273 [info] > git config --get commit.template [1ms]
2025-06-02 13:04:04.282 [info] > git for-each-ref --format=%(refname)%00%(upstream:short)%00%(objectname)%00%(upstream:track)%00%(upstream:remotename)%00%(upstream:remoteref) refs/heads/main refs/remotes/main [2ms]
2025-06-02 13:04:04.299 [info] > git for-each-ref --sort -committerdate --format %(refname)%00%(objectname)%00%(*objectname) [1ms]
2025-06-02 13:04:04.311 [info] > git status -z -uall [20ms]
2025-06-02 13:04:37.372 [info] > git config --get commit.template [7ms]
2025-06-02 13:04:37.373 [info] > git for-each-ref --format=%(refname)%00%(upstream:short)%00%(objectname)%00%(upstream:track)%00%(upstream:remotename)%00%(upstream:remoteref) refs/heads/main refs/remotes/main [1ms]
2025-06-02 13:04:37.391 [info] > git for-each-ref --sort -committerdate --format %(refname)%00%(objectname)%00%(*objectname) [2ms]
2025-06-02 13:04:37.406 [info] > git status -z -uall [26ms]
2025-06-02 13:04:42.479 [info] > git config --get commit.template [8ms]
2025-06-02 13:04:42.480 [info] > git for-each-ref --format=%(refname)%00%(upstream:short)%00%(objectname)%00%(upstream:track)%00%(upstream:remotename)%00%(upstream:remoteref) refs/heads/main refs/remotes/main [2ms]
2025-06-02 13:04:42.499 [info] > git for-each-ref --sort -committerdate --format %(refname)%00%(objectname)%00%(*objectname) [1ms]
2025-06-02 13:04:42.506 [info] > git status -z -uall [18ms]
2025-06-02 13:04:47.557 [info] > git config --get commit.template [0ms]
2025-06-02 13:04:47.566 [info] > git for-each-ref --format=%(refname)%00%(upstream:short)%00%(objectname)%00%(upstream:track)%00%(upstream:remotename)%00%(upstream:remoteref) refs/heads/main refs/remotes/main [1ms]
2025-06-02 13:04:47.585 [info] > git for-each-ref --sort -committerdate --format %(refname)%00%(objectname)%00%(*objectname) [1ms]
2025-06-02 13:04:47.598 [info] > git status -z -uall [23ms]
2025-06-02 13:04:52.777 [info] > git config --get commit.template [1ms]
2025-06-02 13:04:52.787 [info] > git for-each-ref --format=%(refname)%00%(upstream:short)%00%(objectname)%00%(upstream:track)%00%(upstream:remotename)%00%(upstream:remoteref) refs/heads/main refs/remotes/main [2ms]
2025-06-02 13:04:52.810 [info] > git for-each-ref --sort -committerdate --format %(refname)%00%(objectname)%00%(*objectname) [2ms]
2025-06-02 13:04:52.817 [info] > git status -z -uall [21ms]
2025-06-02 13:04:57.866 [info] > git config --get commit.template [1ms]
2025-06-02 13:04:57.874 [info] > git for-each-ref --format=%(refname)%00%(upstream:short)%00%(objectname)%00%(upstream:track)%00%(upstream:remotename)%00%(upstream:remoteref) refs/heads/main refs/remotes/main [2ms]
2025-06-02 13:04:57.889 [info] > git for-each-ref --sort -committerdate --format %(refname)%00%(objectname)%00%(*objectname) [2ms]
2025-06-02 13:04:57.902 [info] > git status -z -uall [21ms]
2025-06-02 13:05:02.961 [info] > git config --get commit.template [9ms]
2025-06-02 13:05:02.962 [info] > git for-each-ref --format=%(refname)%00%(upstream:short)%00%(objectname)%00%(upstream:track)%00%(upstream:remotename)%00%(upstream:remoteref) refs/heads/main refs/remotes/main [2ms]
2025-06-02 13:05:02.979 [info] > git for-each-ref --sort -committerdate --format %(refname)%00%(objectname)%00%(*objectname) [1ms]
2025-06-02 13:05:02.990 [info] > git status -z -uall [21ms]
2025-06-02 13:05:08.056 [info] > git config --get commit.template [10ms]
2025-06-02 13:05:08.057 [info] > git for-each-ref --format=%(refname)%00%(upstream:short)%00%(objectname)%00%(upstream:track)%00%(upstream:remotename)%00%(upstream:remoteref) refs/heads/main refs/remotes/main [1ms]
2025-06-02 13:05:08.075 [info] > git for-each-ref --sort -committerdate --format %(refname)%00%(objectname)%00%(*objectname) [1ms]
2025-06-02 13:05:08.085 [info] > git status -z -uall [20ms]
2025-06-02 13:05:13.150 [info] > git config --get commit.template [9ms]
2025-06-02 13:05:13.150 [info] > git for-each-ref --format=%(refname)%00%(upstream:short)%00%(objectname)%00%(upstream:track)%00%(upstream:remotename)%00%(upstream:remoteref) refs/heads/main refs/remotes/main [1ms]
2025-06-02 13:05:13.166 [info] > git for-each-ref --sort -committerdate --format %(refname)%00%(objectname)%00%(*objectname) [1ms]
2025-06-02 13:05:13.183 [info] > git status -z -uall [26ms]
2025-06-02 13:05:26.996 [info] > git config --get commit.template [8ms]
2025-06-02 13:05:26.997 [info] > git for-each-ref --format=%(refname)%00%(upstream:short)%00%(objectname)%00%(upstream:track)%00%(upstream:remotename)%00%(upstream:remoteref) refs/heads/main refs/remotes/main [1ms]
2025-06-02 13:05:27.016 [info] > git for-each-ref --sort -committerdate --format %(refname)%00%(objectname)%00%(*objectname) [2ms]
2025-06-02 13:05:27.027 [info] > git status -z -uall [22ms]
2025-06-02 13:05:32.084 [info] > git config --get commit.template [8ms]
2025-06-02 13:05:32.084 [info] > git for-each-ref --format=%(refname)%00%(upstream:short)%00%(objectname)%00%(upstream:track)%00%(upstream:remotename)%00%(upstream:remoteref) refs/heads/main refs/remotes/main [1ms]
2025-06-02 13:05:32.099 [info] > git for-each-ref --sort -committerdate --format %(refname)%00%(objectname)%00%(*objectname) [2ms]
2025-06-02 13:05:32.116 [info] > git status -z -uall [26ms]
2025-06-02 13:05:37.171 [info] > git config --get commit.template [10ms]
2025-06-02 13:05:37.171 [info] > git for-each-ref --format=%(refname)%00%(upstream:short)%00%(objectname)%00%(upstream:track)%00%(upstream:remotename)%00%(upstream:remoteref) refs/heads/main refs/remotes/main [1ms]
2025-06-02 13:05:37.188 [info] > git for-each-ref --sort -committerdate --format %(refname)%00%(objectname)%00%(*objectname) [1ms]
2025-06-02 13:05:37.199 [info] > git status -z -uall [20ms]
2025-06-02 13:05:42.251 [info] > git config --get commit.template [9ms]
2025-06-02 13:05:42.252 [info] > git for-each-ref --format=%(refname)%00%(upstream:short)%00%(objectname)%00%(upstream:track)%00%(upstream:remotename)%00%(upstream:remoteref) refs/heads/main refs/remotes/main [2ms]
2025-06-02 13:05:42.267 [info] > git for-each-ref --sort -committerdate --format %(refname)%00%(objectname)%00%(*objectname) [1ms]
2025-06-02 13:05:42.277 [info] > git status -z -uall [19ms]
2025-06-02 13:05:47.323 [info] > git config --get commit.template [1ms]
2025-06-02 13:05:47.332 [info] > git for-each-ref --format=%(refname)%00%(upstream:short)%00%(objectname)%00%(upstream:track)%00%(upstream:remotename)%00%(upstream:remoteref) refs/heads/main refs/remotes/main [2ms]
2025-06-02 13:05:47.349 [info] > git for-each-ref --sort -committerdate --format %(refname)%00%(objectname)%00%(*objectname) [2ms]
2025-06-02 13:05:47.364 [info] > git status -z -uall [24ms]
2025-06-02 13:05:52.416 [info] > git for-each-ref --format=%(refname)%00%(upstream:short)%00%(objectname)%00%(upstream:track)%00%(upstream:remotename)%00%(upstream:remoteref) refs/heads/main refs/remotes/main [0ms]
2025-06-02 13:05:52.417 [info] > git config --get commit.template [7ms]
2025-06-02 13:05:52.432 [info] > git for-each-ref --sort -committerdate --format %(refname)%00%(objectname)%00%(*objectname) [2ms]
2025-06-02 13:05:52.444 [info] > git status -z -uall [21ms]
2025-06-02 13:05:57.502 [info] > git config --get commit.template [9ms]
2025-06-02 13:05:57.503 [info] > git for-each-ref --format=%(refname)%00%(upstream:short)%00%(objectname)%00%(upstream:track)%00%(upstream:remotename)%00%(upstream:remoteref) refs/heads/main refs/remotes/main [2ms]
2025-06-02 13:05:57.519 [info] > git for-each-ref --sort -committerdate --format %(refname)%00%(objectname)%00%(*objectname) [1ms]
2025-06-02 13:05:57.531 [info] > git status -z -uall [21ms]
2025-06-02 13:06:02.576 [info] > git config --get commit.template [2ms]
2025-06-02 13:06:02.584 [info] > git for-each-ref --format=%(refname)%00%(upstream:short)%00%(objectname)%00%(upstream:track)%00%(upstream:remotename)%00%(upstream:remoteref) refs/heads/main refs/remotes/main [1ms]
2025-06-02 13:06:02.600 [info] > git for-each-ref --sort -committerdate --format %(refname)%00%(objectname)%00%(*objectname) [1ms]
2025-06-02 13:06:02.613 [info] > git status -z -uall [21ms]
2025-06-02 13:06:26.531 [info] > git config --get commit.template [9ms]
2025-06-02 13:06:26.533 [info] > git for-each-ref --format=%(refname)%00%(upstream:short)%00%(objectname)%00%(upstream:track)%00%(upstream:remotename)%00%(upstream:remoteref) refs/heads/main refs/remotes/main [2ms]
2025-06-02 13:06:26.549 [info] > git for-each-ref --sort -committerdate --format %(refname)%00%(objectname)%00%(*objectname) [1ms]
2025-06-02 13:06:26.561 [info] > git status -z -uall [21ms]
2025-06-02 13:06:31.617 [info] > git config --get commit.template [8ms]
2025-06-02 13:06:31.618 [info] > git for-each-ref --format=%(refname)%00%(upstream:short)%00%(objectname)%00%(upstream:track)%00%(upstream:remotename)%00%(upstream:remoteref) refs/heads/main refs/remotes/main [1ms]
2025-06-02 13:06:31.635 [info] > git for-each-ref --sort -committerdate --format %(refname)%00%(objectname)%00%(*objectname) [4ms]
2025-06-02 13:06:31.644 [info] > git status -z -uall [20ms]
2025-06-02 13:06:36.692 [info] [Git][getRemotes] No remotes found in the git config file
2025-06-02 13:06:36.700 [info] > git config --get commit.template [9ms]
2025-06-02 13:06:36.701 [info] > git for-each-ref --format=%(refname)%00%(upstream:short)%00%(objectname)%00%(upstream:track)%00%(upstream:remotename)%00%(upstream:remoteref) refs/heads/main refs/remotes/main [1ms]
2025-06-02 13:06:36.716 [info] > git for-each-ref --sort -committerdate --format %(refname)%00%(objectname)%00%(*objectname) [1ms]
2025-06-02 13:06:36.730 [info] > git status -z -uall [22ms]
2025-06-02 13:06:36.779 [info] > git config --get --local branch.main.github-pr-owner-number [1ms]
2025-06-02 13:06:36.779 [warning] [Git][config] git config failed: Failed to execute git
2025-06-02 13:06:36.787 [info] > git config --get --local branch.main.remote [1ms]
2025-06-02 13:06:36.787 [warning] [Git][config] git config failed: Failed to execute git
2025-06-02 13:06:36.794 [info] > git config --get --local branch.main.merge [1ms]
2025-06-02 13:06:36.794 [warning] [Git][config] git config failed: Failed to execute git
2025-06-02 13:06:37.672 [info] > git ls-files --stage -- roles/web_servers/handlers/main.yaml [2ms]
2025-06-02 13:06:37.681 [info] > git cat-file -s 4fe8bf2487a92334e850a72c951be0ebb93cb4d9 [1ms]
2025-06-02 13:06:37.734 [info] > git show --textconv :roles/web_servers/handlers/main.yaml [1ms]
2025-06-02 13:06:41.786 [info] [Git][getRemotes] No remotes found in the git config file
2025-06-02 13:06:41.786 [info] > git config --get commit.template [8ms]
2025-06-02 13:06:41.787 [info] > git for-each-ref --format=%(refname)%00%(upstream:short)%00%(objectname)%00%(upstream:track)%00%(upstream:remotename)%00%(upstream:remoteref) refs/heads/main refs/remotes/main [1ms]
2025-06-02 13:06:41.802 [info] > git for-each-ref --sort -committerdate --format %(refname)%00%(objectname)%00%(*objectname) [0ms]
2025-06-02 13:06:41.813 [info] > git status -z -uall [19ms]
2025-06-02 13:06:46.861 [info] [Git][getRemotes] No remotes found in the git config file
2025-06-02 13:06:46.868 [info] > git config --get commit.template [8ms]
2025-06-02 13:06:46.870 [info] > git for-each-ref --format=%(refname)%00%(upstream:short)%00%(objectname)%00%(upstream:track)%00%(upstream:remotename)%00%(upstream:remoteref) refs/heads/main refs/remotes/main [1ms]
2025-06-02 13:06:46.884 [info] > git for-each-ref --sort -committerdate --format %(refname)%00%(objectname)%00%(*objectname) [0ms]
2025-06-02 13:06:46.896 [info] > git status -z -uall [19ms]
2025-06-02 13:06:51.944 [info] > git config --get commit.template [2ms]
2025-06-02 13:06:51.950 [info] [Git][getRemotes] No remotes found in the git config file
2025-06-02 13:06:51.951 [info] > git for-each-ref --format=%(refname)%00%(upstream:short)%00%(objectname)%00%(upstream:track)%00%(upstream:remotename)%00%(upstream:remoteref) refs/heads/main refs/remotes/main [1ms]
2025-06-02 13:06:51.966 [info] > git for-each-ref --sort -committerdate --format %(refname)%00%(objectname)%00%(*objectname) [1ms]
2025-06-02 13:06:51.987 [info] > git status -z -uall [29ms]
2025-06-02 13:07:04.241 [info] [Git][getRemotes] No remotes found in the git config file
2025-06-02 13:07:04.241 [info] > git config --get commit.template [8ms]
2025-06-02 13:07:04.241 [info] > git for-each-ref --format=%(refname)%00%(upstream:short)%00%(objectname)%00%(upstream:track)%00%(upstream:remotename)%00%(upstream:remoteref) refs/heads/main refs/remotes/main [1ms]
2025-06-02 13:07:04.255 [info] > git for-each-ref --sort -committerdate --format %(refname)%00%(objectname)%00%(*objectname) [0ms]
2025-06-02 13:07:04.267 [info] > git status -z -uall [19ms]
2025-06-02 13:07:09.322 [info] > git config --get commit.template [1ms]
2025-06-02 13:07:09.332 [info] > git for-each-ref --format=%(refname)%00%(upstream:short)%00%(objectname)%00%(upstream:track)%00%(upstream:remotename)%00%(upstream:remoteref) refs/heads/main refs/remotes/main [2ms]
2025-06-02 13:07:09.347 [info] > git for-each-ref --sort -committerdate --format %(refname)%00%(objectname)%00%(*objectname) [0ms]
2025-06-02 13:07:09.359 [info] > git status -z -uall [20ms]
2025-06-02 13:07:09.862 [info] > git config --get --local branch.main.github-pr-owner-number [389ms]
2025-06-02 13:07:09.862 [warning] [Git][config] git config failed: Failed to execute git
2025-06-02 13:07:09.878 [info] > git config --get --local branch.main.remote [3ms]
2025-06-02 13:07:09.878 [warning] [Git][config] git config failed: Failed to execute git
2025-06-02 13:07:09.889 [info] > git config --get --local branch.main.merge [3ms]
2025-06-02 13:07:09.889 [warning] [Git][config] git config failed: Failed to execute git
2025-06-02 13:07:10.119 [info] > git ls-files --stage -- roles/web_servers/handlers/main.yaml [1ms]
2025-06-02 13:07:10.127 [info] > git cat-file -s 4fe8bf2487a92334e850a72c951be0ebb93cb4d9 [2ms]
2025-06-02 13:07:10.199 [info] > git show --textconv :roles/web_servers/handlers/main.yaml [2ms]
2025-06-02 13:07:14.417 [info] > git config --get commit.template [7ms]
2025-06-02 13:07:14.417 [info] > git for-each-ref --format=%(refname)%00%(upstream:short)%00%(objectname)%00%(upstream:track)%00%(upstream:remotename)%00%(upstream:remoteref) refs/heads/main refs/remotes/main [1ms]
2025-06-02 13:07:14.429 [info] > git for-each-ref --sort -committerdate --format %(refname)%00%(objectname)%00%(*objectname) [0ms]
2025-06-02 13:07:14.442 [info] > git status -z -uall [20ms]
2025-06-02 13:07:19.499 [info] > git config --get commit.template [9ms]
2025-06-02 13:07:19.500 [info] > git for-each-ref --format=%(refname)%00%(upstream:short)%00%(objectname)%00%(upstream:track)%00%(upstream:remotename)%00%(upstream:remoteref) refs/heads/main refs/remotes/main [2ms]
2025-06-02 13:07:19.517 [info] > git for-each-ref --sort -committerdate --format %(refname)%00%(objectname)%00%(*objectname) [3ms]
2025-06-02 13:07:19.532 [info] > git status -z -uall [26ms]
2025-06-02 13:07:24.706 [info] > git config --get commit.template [8ms]
2025-06-02 13:07:24.707 [info] > git for-each-ref --format=%(refname)%00%(upstream:short)%00%(objectname)%00%(upstream:track)%00%(upstream:remotename)%00%(upstream:remoteref) refs/heads/main refs/remotes/main [2ms]
2025-06-02 13:07:24.720 [info] > git for-each-ref --sort -committerdate --format %(refname)%00%(objectname)%00%(*objectname) [0ms]
2025-06-02 13:07:24.734 [info] > git status -z -uall [21ms]
2025-06-02 13:07:29.778 [info] > git config --get commit.template [1ms]
2025-06-02 13:07:29.786 [info] > git for-each-ref --format=%(refname)%00%(upstream:short)%00%(objectname)%00%(upstream:track)%00%(upstream:remotename)%00%(upstream:remoteref) refs/heads/main refs/remotes/main [1ms]
2025-06-02 13:07:29.800 [info] > git for-each-ref --sort -committerdate --format %(refname)%00%(objectname)%00%(*objectname) [1ms]
2025-06-02 13:07:29.813 [info] > git status -z -uall [21ms]
2025-06-02 13:07:34.866 [info] > git config --get commit.template [9ms]
2025-06-02 13:07:34.866 [info] > git for-each-ref --format=%(refname)%00%(upstream:short)%00%(objectname)%00%(upstream:track)%00%(upstream:remotename)%00%(upstream:remoteref) refs/heads/main refs/remotes/main [1ms]
2025-06-02 13:07:34.881 [info] > git for-each-ref --sort -committerdate --format %(refname)%00%(objectname)%00%(*objectname) [2ms]
2025-06-02 13:07:34.894 [info] > git status -z -uall [21ms]
2025-06-02 13:07:39.672 [info] > git log --format=%H%n%aN%n%aE%n%at%n%ct%n%P%n%D%n%B -z --shortstat --diff-merges=first-parent -n50 --skip=0 --topo-order --decorate=full --stdin [14ms]
2025-06-02 13:07:39.945 [info] > git config --get commit.template [8ms]
2025-06-02 13:07:39.946 [info] > git for-each-ref --format=%(refname)%00%(upstream:short)%00%(objectname)%00%(upstream:track)%00%(upstream:remotename)%00%(upstream:remoteref) refs/heads/main refs/remotes/main [1ms]
2025-06-02 13:07:39.960 [info] > git for-each-ref --sort -committerdate --format %(refname)%00%(objectname)%00%(*objectname) [1ms]
2025-06-02 13:07:39.974 [info] > git status -z -uall [22ms]
2025-06-02 13:07:45.025 [info] > git config --get commit.template [1ms]
2025-06-02 13:07:45.033 [info] > git for-each-ref --format=%(refname)%00%(upstream:short)%00%(objectname)%00%(upstream:track)%00%(upstream:remotename)%00%(upstream:remoteref) refs/heads/main refs/remotes/main [2ms]
2025-06-02 13:07:45.047 [info] > git for-each-ref --sort -committerdate --format %(refname)%00%(objectname)%00%(*objectname) [1ms]
2025-06-02 13:07:45.060 [info] > git status -z -uall [21ms]
2025-06-02 13:07:50.205 [info] > git config --get commit.template [7ms]
2025-06-02 13:07:50.205 [info] > git for-each-ref --format=%(refname)%00%(upstream:short)%00%(objectname)%00%(upstream:track)%00%(upstream:remotename)%00%(upstream:remoteref) refs/heads/main refs/remotes/main [1ms]
2025-06-02 13:07:50.219 [info] > git for-each-ref --sort -committerdate --format %(refname)%00%(objectname)%00%(*objectname) [1ms]
2025-06-02 13:07:50.232 [info] > git status -z -uall [20ms]
