2025-05-22 12:35:48.200 [info] [main] Log level: Info
2025-05-22 12:35:48.200 [info] [main] Validating found git in: "git"
2025-05-22 12:35:48.200 [info] [main] Using git "2.43.0" from "git"
2025-05-22 12:35:48.200 [info] [Model][doInitialScan] Initial repository scan started
2025-05-22 12:35:48.200 [info] > git rev-parse --show-toplevel [1026ms]
2025-05-22 12:35:48.200 [info] fatal: not a git repository (or any of the parent directories): .git
2025-05-22 12:35:48.200 [info] > git rev-parse --show-toplevel [2ms]
2025-05-22 12:35:48.200 [info] fatal: not a git repository (or any of the parent directories): .git
2025-05-22 12:35:48.200 [info] > git rev-parse --show-toplevel [157ms]
2025-05-22 12:35:48.200 [info] fatal: not a git repository (or any of the parent directories): .git
2025-05-22 12:35:48.205 [info] > git rev-parse --show-toplevel [5ms]
2025-05-22 12:35:48.205 [info] fatal: not a git repository (or any of the parent directories): .git
2025-05-22 12:35:48.955 [info] > git rev-parse --show-toplevel [612ms]
2025-05-22 12:35:48.955 [info] fatal: not a git repository (or any of the parent directories): .git
2025-05-22 12:35:49.058 [info] > git rev-parse --show-toplevel [96ms]
2025-05-22 12:35:49.058 [info] fatal: not a git repository (or any of the parent directories): .git
2025-05-22 12:35:49.365 [info] > git rev-parse --show-toplevel [298ms]
2025-05-22 12:35:49.365 [info] fatal: not a git repository (or any of the parent directories): .git
2025-05-22 12:35:49.368 [info] [Model][doInitialScan] Initial repository scan completed - repositories (0), closed repositories (0), parent repositories (0), unsafe repositories (0)
2025-05-22 12:35:52.498 [info] > git rev-parse --show-toplevel [9ms]
2025-05-22 12:35:52.498 [info] fatal: not a git repository (or any of the parent directories): .git
2025-05-22 12:36:08.784 [info] > git rev-parse --show-toplevel [21ms]
2025-05-22 12:36:08.784 [info] fatal: not a git repository (or any of the parent directories): .git
2025-05-22 12:36:08.795 [info] > git rev-parse --show-toplevel [1ms]
2025-05-22 12:36:08.795 [info] fatal: not a git repository (or any of the parent directories): .git
2025-05-22 12:36:08.804 [info] > git rev-parse --show-toplevel [2ms]
2025-05-22 12:36:08.804 [info] fatal: not a git repository (or any of the parent directories): .git
2025-05-22 12:36:08.812 [info] > git rev-parse --show-toplevel [1ms]
2025-05-22 12:36:08.812 [info] fatal: not a git repository (or any of the parent directories): .git
2025-05-22 12:36:08.819 [info] > git rev-parse --show-toplevel [1ms]
2025-05-22 12:36:08.819 [info] fatal: not a git repository (or any of the parent directories): .git
2025-05-22 12:36:08.830 [info] > git rev-parse --show-toplevel [1ms]
2025-05-22 12:36:08.830 [info] fatal: not a git repository (or any of the parent directories): .git
2025-05-22 12:36:23.582 [info] > git rev-parse --show-toplevel [1ms]
2025-05-22 12:36:23.582 [info] fatal: not a git repository (or any of the parent directories): .git
2025-05-22 12:36:35.846 [info] > git rev-parse --show-toplevel [1ms]
2025-05-22 12:36:35.846 [info] fatal: not a git repository (or any of the parent directories): .git
2025-05-22 12:36:43.479 [info] > git rev-parse --show-toplevel [0ms]
2025-05-22 12:36:43.479 [info] fatal: not a git repository (or any of the parent directories): .git
2025-05-22 12:49:42.249 [info] > git rev-parse --show-toplevel [1ms]
2025-05-22 12:49:42.249 [info] fatal: not a git repository (or any of the parent directories): .git
2025-05-22 12:51:01.753 [info] > git rev-parse --show-toplevel [3ms]
2025-05-22 12:51:01.753 [info] fatal: not a git repository (or any of the parent directories): .git
2025-05-22 12:52:16.852 [info] > git rev-parse --show-toplevel [1ms]
2025-05-22 12:52:16.852 [info] fatal: not a git repository (or any of the parent directories): .git
2025-05-22 12:52:56.871 [info] > git rev-parse --show-toplevel [1ms]
2025-05-22 12:52:56.871 [info] fatal: not a git repository (or any of the parent directories): .git
2025-05-22 12:53:40.488 [info] > git rev-parse --show-toplevel [1ms]
2025-05-22 12:53:40.488 [info] fatal: not a git repository (or any of the parent directories): .git
2025-05-22 12:57:49.365 [info] > git rev-parse --show-toplevel [2ms]
2025-05-22 12:57:49.365 [info] fatal: not a git repository (or any of the parent directories): .git
2025-05-22 12:58:04.685 [info] > git rev-parse --show-toplevel [1ms]
2025-05-22 12:58:04.685 [info] fatal: not a git repository (or any of the parent directories): .git
2025-05-22 12:58:07.262 [info] > git rev-parse --show-toplevel [1ms]
2025-05-22 12:58:07.262 [info] fatal: not a git repository (or any of the parent directories): .git
2025-05-22 12:58:08.931 [info] > git rev-parse --show-toplevel [3ms]
2025-05-22 12:58:08.931 [info] fatal: not a git repository (or any of the parent directories): .git
