2025-05-27 06:15:02.297 [warning] /home/ubuntu/.ssh/config: ENOENT: no such file or directory, open '/home/ubuntu/.ssh/config'
2025-05-27 06:15:02.297 [info] [Activation] Extension version: 0.110.0
2025-05-27 06:15:03.726 [info] [Authentication] Creating hub for .com
2025-05-27 06:15:04.152 [info] [Activation] Looking for git repository
2025-05-27 06:15:04.152 [info] [Activation] Found 0 repositories during activation
2025-05-27 06:15:04.152 [info] [Activation] Git repository found, initializing review manager and pr tree view.
2025-05-27 06:15:04.159 [info] [GitAPI] Registering git provider
2025-05-27 06:15:04.159 [info] [Review+0] Validate state in progress
2025-05-27 06:15:04.159 [info] [Review+0] Validating state...
2025-05-27 06:15:04.319 [info] [FolderRepositoryManager+0] Found GitHub remote for folder /home/ubuntu
2025-05-27 06:15:04.752 [info] [FolderRepositoryManager+0] Trying to use globalState for assignableUsers.
2025-05-27 06:15:04.911 [info] [Review+0] No matching pull request metadata found locally for current branch main
2025-05-27 06:15:04.993 [info] [FolderRepositoryManager+0] Using globalState assignableUsers for 1.
2025-05-27 06:15:05.268 [info] [Review+0] No matching pull request metadata found on GitHub for current branch main
2025-05-27 06:48:02.831 [info] [Activation] Repo state for file:///home/ubuntu changed.
2025-05-27 06:48:02.831 [info] [Activation] Repo file:///home/ubuntu has already been setup.
2025-05-27 11:24:25.734 [info] [Review+0] Validate state in progress
2025-05-27 11:24:25.734 [info] [Review+0] Validating state...
2025-05-27 11:24:26.236 [info] [FolderRepositoryManager+0] Found GitHub remote for folder /home/ubuntu
2025-05-27 11:24:26.237 [info] [FolderRepositoryManager+0] Using in-memory cached assignable users.
2025-05-27 11:24:26.264 [info] [Review+0] No matching pull request metadata found locally for current branch main
2025-05-27 11:24:26.655 [info] [Review+0] No matching pull request metadata found on GitHub for current branch main
2025-05-27 11:24:34.943 [info] [Review+0] Validate state in progress
2025-05-27 11:24:34.944 [info] [Review+0] Validating state...
2025-05-27 11:24:35.015 [info] [FolderRepositoryManager+0] Found GitHub remote for folder /home/ubuntu
2025-05-27 11:24:35.016 [info] [FolderRepositoryManager+0] Using in-memory cached assignable users.
2025-05-27 11:24:35.389 [info] [Review+0] No matching pull request metadata found locally for current branch main
2025-05-27 11:24:35.744 [info] [Review+0] No matching pull request metadata found on GitHub for current branch main
