2025-05-21 05:51:24.089 [info] [main] Log level: Info
2025-05-21 05:51:24.089 [info] [main] Validating found git in: "git"
2025-05-21 05:51:24.089 [info] [main] Using git "2.43.0" from "git"
2025-05-21 05:51:24.089 [info] [Model][doInitialScan] Initial repository scan started
2025-05-21 05:51:24.089 [info] > git rev-parse --show-toplevel [1056ms]
2025-05-21 05:51:24.089 [info] fatal: not a git repository (or any of the parent directories): .git
2025-05-21 05:51:24.089 [info] > git rev-parse --show-toplevel [4ms]
2025-05-21 05:51:24.089 [info] fatal: not a git repository (or any of the parent directories): .git
2025-05-21 05:51:24.089 [info] > git rev-parse --show-toplevel [155ms]
2025-05-21 05:51:24.089 [info] fatal: not a git repository (or any of the parent directories): .git
2025-05-21 05:51:24.089 [info] > git rev-parse --show-toplevel [5ms]
2025-05-21 05:51:24.089 [info] fatal: not a git repository (or any of the parent directories): .git
2025-05-21 05:51:24.806 [info] > git rev-parse --show-toplevel [711ms]
2025-05-21 05:51:24.806 [info] fatal: not a git repository (or any of the parent directories): .git
2025-05-21 05:51:24.815 [info] > git rev-parse --show-toplevel [1ms]
2025-05-21 05:51:24.815 [info] fatal: not a git repository (or any of the parent directories): .git
2025-05-21 05:51:25.125 [info] > git rev-parse --show-toplevel [303ms]
2025-05-21 05:51:25.125 [info] fatal: not a git repository (or any of the parent directories): .git
2025-05-21 05:51:25.127 [info] [Model][doInitialScan] Initial repository scan completed - repositories (0), closed repositories (0), parent repositories (0), unsafe repositories (0)
2025-05-21 06:54:41.301 [info] > git rev-parse --show-toplevel [2ms]
2025-05-21 06:54:41.301 [info] fatal: not a git repository (or any of the parent directories): .git
2025-05-21 06:54:51.682 [info] > git rev-parse --show-toplevel [1ms]
2025-05-21 06:54:51.682 [info] fatal: not a git repository (or any of the parent directories): .git
2025-05-21 06:55:16.868 [info] > git rev-parse --show-toplevel [1ms]
2025-05-21 06:55:16.868 [info] fatal: not a git repository (or any of the parent directories): .git
2025-05-21 08:51:41.199 [info] > git rev-parse --show-toplevel [2ms]
2025-05-21 08:51:41.200 [info] fatal: not a git repository (or any of the parent directories): .git
2025-05-21 10:14:09.696 [info] > git rev-parse --show-toplevel [2ms]
2025-05-21 10:14:09.696 [info] fatal: not a git repository (or any of the parent directories): .git
