2025-05-26 06:01:33.867 [warning] /home/ubuntu/.ssh/config: ENOENT: no such file or directory, open '/home/ubuntu/.ssh/config'
2025-05-26 06:01:33.867 [info] [Activation] Extension version: 0.110.0
2025-05-26 06:01:34.105 [info] [Authentication] Creating hub for .com
2025-05-26 06:01:34.309 [info] [Activation] Looking for git repository
2025-05-26 06:01:34.310 [info] [Activation] Found 0 repositories during activation
2025-05-26 06:01:34.310 [info] [Activation] Git repository found, initializing review manager and pr tree view.
2025-05-26 06:01:34.311 [info] [GitAPI] Registering git provider
2025-05-26 08:49:56.717 [info] [GitAPI] Repository file:///home/ubuntu has been opened
2025-05-26 08:49:56.717 [info] [Review+0] Validate state in progress
2025-05-26 08:49:56.717 [info] [Review+0] Validating state...
2025-05-26 08:49:56.718 [warning] No remotes found. The following remotes are missing: origin, upstream
2025-05-26 08:49:56.718 [info] [FolderRepositoryManager+0] No GitHub remotes found for folder /home/ubuntu
2025-05-26 08:49:56.810 [info] [Review+0] Queuing additional validate state
2025-05-26 08:49:56.810 [info] [Activation] Repo state for file:///home/ubuntu changed.
2025-05-26 08:49:56.810 [info] [Activation] Repo file:///home/ubuntu has already been setup.
2025-05-26 08:49:57.788 [info] [Review+0] Validating state...
2025-05-26 08:49:57.788 [warning] No remotes found. The following remotes are missing: origin, upstream
2025-05-26 08:49:57.788 [info] [FolderRepositoryManager+0] No GitHub remotes found for folder /home/ubuntu
2025-05-26 08:49:57.806 [info] [Review+0] No matching pull request metadata found locally for current branch master
2025-05-26 08:49:57.816 [info] [Review+0] No matching pull request metadata found on GitHub for current branch master
2025-05-26 08:50:36.813 [info] [Review+0] Validate state in progress
2025-05-26 08:50:36.813 [info] [Review+0] Validating state...
2025-05-26 08:50:36.814 [warning] No remotes found. The following remotes are missing: origin, upstream
2025-05-26 08:50:36.814 [info] [FolderRepositoryManager+0] No GitHub remotes found for folder /home/ubuntu
2025-05-26 08:50:36.850 [info] [Review+0] No matching pull request metadata found locally for current branch master
2025-05-26 08:50:37.288 [info] [Review+0] No matching pull request metadata found on GitHub for current branch master
2025-05-26 08:50:41.709 [info] [Review+0] Validate state in progress
2025-05-26 08:50:41.709 [info] [Review+0] Validating state...
2025-05-26 08:50:41.718 [warning] No remotes found. The following remotes are missing: origin, upstream
2025-05-26 08:50:41.718 [info] [FolderRepositoryManager+0] No GitHub remotes found for folder /home/ubuntu
2025-05-26 08:50:41.748 [info] [Review+0] No matching pull request metadata found locally for current branch main
2025-05-26 08:50:41.765 [info] [Review+0] No matching pull request metadata found on GitHub for current branch main
2025-05-26 08:50:55.306 [info] [Review+0] Validate state in progress
2025-05-26 08:50:55.306 [info] [Review+0] Validating state...
2025-05-26 08:50:55.367 [info] [FolderRepositoryManager+0] Found GitHub remote for folder /home/ubuntu
2025-05-26 08:50:56.566 [info] [FolderRepositoryManager+0] Trying to use globalState for assignableUsers.
2025-05-26 08:50:56.723 [info] [Review+0] No matching pull request metadata found locally for current branch main
2025-05-26 08:50:56.850 [info] [FolderRepositoryManager+0] GlobalState does not exist for assignableUsers.
2025-05-26 08:50:57.144 [info] [Review+0] No matching pull request metadata found on GitHub for current branch main
2025-05-26 08:51:24.382 [info] [Review+0] Validate state in progress
2025-05-26 08:51:24.382 [info] [Review+0] Validating state...
2025-05-26 08:51:24.744 [info] [FolderRepositoryManager+0] Found GitHub remote for folder /home/ubuntu
2025-05-26 08:51:24.744 [info] [FolderRepositoryManager+0] Using in-memory cached assignable users.
2025-05-26 08:51:24.768 [info] [Review+0] No matching pull request metadata found locally for current branch main
2025-05-26 08:51:25.208 [info] [Review+0] No matching pull request metadata found on GitHub for current branch main
2025-05-26 08:51:28.056 [info] [Review+0] Validate state in progress
2025-05-26 08:51:28.056 [info] [Review+0] Validating state...
2025-05-26 08:51:28.117 [info] [FolderRepositoryManager+0] Found GitHub remote for folder /home/ubuntu
2025-05-26 08:51:28.118 [info] [FolderRepositoryManager+0] Using in-memory cached assignable users.
2025-05-26 08:51:28.131 [info] [Review+0] No matching pull request metadata found locally for current branch main
2025-05-26 08:51:28.747 [info] [Review+0] No matching pull request metadata found on GitHub for current branch main
2025-05-26 10:14:06.788 [info] [Review+0] Validate state in progress
2025-05-26 10:14:06.788 [info] [Review+0] Validating state...
2025-05-26 10:14:07.159 [info] [FolderRepositoryManager+0] Found GitHub remote for folder /home/ubuntu
2025-05-26 10:14:07.160 [info] [FolderRepositoryManager+0] Using in-memory cached assignable users.
2025-05-26 10:14:07.188 [info] [Review+0] No matching pull request metadata found locally for current branch main
2025-05-26 10:14:07.596 [info] [Review+0] No matching pull request metadata found on GitHub for current branch main
2025-05-26 10:14:16.008 [info] [Review+0] Validate state in progress
2025-05-26 10:14:16.008 [info] [Review+0] Validating state...
2025-05-26 10:14:16.060 [info] [FolderRepositoryManager+0] Found GitHub remote for folder /home/ubuntu
2025-05-26 10:14:16.060 [info] [FolderRepositoryManager+0] Using in-memory cached assignable users.
2025-05-26 10:14:16.075 [info] [Review+0] No matching pull request metadata found locally for current branch main
2025-05-26 10:14:16.683 [info] [Review+0] No matching pull request metadata found on GitHub for current branch main
