2025-06-02 06:20:02.629 [warning] /home/ubuntu/.ssh/config: ENOENT: no such file or directory, open '/home/ubuntu/.ssh/config'
2025-06-02 06:20:02.629 [info] [Activation] Extension version: 0.110.0
2025-06-02 06:20:04.240 [info] [Authentication] Creating hub for .com
2025-06-02 06:20:04.938 [info] [Activation] Looking for git repository
2025-06-02 06:20:04.939 [info] [Activation] Found 0 repositories during activation
2025-06-02 06:20:04.939 [info] [Activation] Git repository found, initializing review manager and pr tree view.
2025-06-02 06:20:05.006 [info] [GitAPI] Registering git provider
2025-06-02 06:20:05.007 [info] [Review+0] Validate state in progress
2025-06-02 06:20:05.007 [info] [Review+0] Validating state...
2025-06-02 06:20:05.178 [info] [FolderRepositoryManager+0] Found GitHub remote for folder /home/ubuntu
2025-06-02 06:20:07.022 [info] [FolderRepositoryManager+0] Trying to use globalState for assignableUsers.
2025-06-02 06:20:07.193 [info] [Review+0] No matching pull request metadata found locally for current branch main
2025-06-02 06:20:07.303 [info] [FolderRepositoryManager+0] Using globalState assignableUsers for 1.
2025-06-02 06:20:07.624 [info] [Review+0] No matching pull request metadata found on GitHub for current branch main
2025-06-02 06:21:31.187 [info] [Activation] Repo state for file:///home/ubuntu changed.
2025-06-02 06:21:31.187 [info] [Activation] Repo file:///home/ubuntu has already been setup.
2025-06-02 06:22:08.477 [info] [Review+0] Validate state in progress
2025-06-02 06:22:08.477 [info] [Review+0] Validating state...
2025-06-02 06:22:09.011 [info] [FolderRepositoryManager+0] Found GitHub remote for folder /home/ubuntu
2025-06-02 06:22:09.012 [info] [FolderRepositoryManager+0] Using in-memory cached assignable users.
2025-06-02 06:22:09.033 [info] [Review+0] No matching pull request metadata found locally for current branch main
2025-06-02 06:22:09.440 [info] [Review+0] No matching pull request metadata found on GitHub for current branch main
2025-06-02 06:22:29.654 [info] [Review+0] Validate state in progress
2025-06-02 06:22:29.654 [info] [Review+0] Validating state...
2025-06-02 06:22:29.714 [info] [FolderRepositoryManager+0] Found GitHub remote for folder /home/ubuntu
2025-06-02 06:22:29.714 [info] [FolderRepositoryManager+0] Using in-memory cached assignable users.
2025-06-02 06:22:29.724 [info] [Review+0] No matching pull request metadata found locally for current branch main
2025-06-02 06:22:30.482 [info] [Review+0] No matching pull request metadata found on GitHub for current branch main
2025-06-02 06:24:06.519 [info] [Review+0] Validate state in progress
2025-06-02 06:24:06.519 [info] [Review+0] Validating state...
2025-06-02 06:24:07.033 [info] [FolderRepositoryManager+0] Found GitHub remote for folder /home/ubuntu
2025-06-02 06:24:07.034 [info] [FolderRepositoryManager+0] Using in-memory cached assignable users.
2025-06-02 06:24:07.060 [info] [Review+0] No matching pull request metadata found locally for current branch main
2025-06-02 06:24:07.410 [info] [Review+0] No matching pull request metadata found on GitHub for current branch main
2025-06-02 06:24:47.276 [info] [Review+0] Validate state in progress
2025-06-02 06:24:47.276 [info] [Review+0] Validating state...
2025-06-02 06:24:47.725 [info] [FolderRepositoryManager+0] Found GitHub remote for folder /home/ubuntu
2025-06-02 06:24:47.726 [info] [FolderRepositoryManager+0] Using in-memory cached assignable users.
2025-06-02 06:24:47.739 [info] [Review+0] No matching pull request metadata found locally for current branch main
2025-06-02 06:24:48.124 [info] [Review+0] No matching pull request metadata found on GitHub for current branch main
